#
# There is insufficient memory for the Java Runtime Environment to continue.
# Native memory allocation (malloc) failed to allocate 112816 bytes for Chunk::new
# Possible reasons:
#   The system is out of physical RAM or swap space
#   The process is running with CompressedOops enabled, and the Java Heap may be blocking the growth of the native heap
# Possible solutions:
#   Reduce memory load on the system
#   Increase physical memory or swap space
#   Check if swap backing store is full
#   Decrease Java heap size (-Xmx/-Xms)
#   Decrease number of Java threads
#   Decrease Java thread stack sizes (-Xss)
#   Set larger code cache with -XX:ReservedCodeCacheSize=
#   JVM is running with Unscaled Compressed Oops mode in which the Java heap is
#     placed in the first 4GB address space. The Java Heap base address is the
#     maximum limit for the native heap growth. Please use -XX:HeapBaseMinAddress
#     to set the Java Heap base and to place the Java Heap above 4GB virtual address.
# This output file may be truncated or incomplete.
#
#  Out of Memory Error (arena.cpp:168), pid=6700, tid=24892
#
# JRE version: Java(TM) SE Runtime Environment (21.0.1+12) (build 21.0.1+12-LTS-29)
# Java VM: Java HotSpot(TM) 64-Bit Server VM (21.0.1+12-LTS-29, mixed mode, sharing, tiered, compressed oops, compressed class ptrs, g1 gc, windows-amd64)
# No core dump will be written. Minidumps are not enabled by default on client versions of Windows
#

---------------  S U M M A R Y ------------

Command Line: -Dfile.encoding=UTF-8 -Dstdout.encoding=UTF-8 -Dstderr.encoding=UTF-8 -XX:+ShowCodeDetailsInExceptionMessages seleniumscripts.AutomatingAmazon

Host: Intel(R) Core(TM) i3-6006U CPU @ 2.00GHz, 4 cores, 6G,  Windows 10 , 64 bit Build 19041 (10.0.19041.3570)
Time: Fri Nov 10 06:16:08 2023 India Standard Time elapsed time: 3.909584 seconds (0d 0h 0m 3s)

---------------  T H R E A D  ---------------

Current thread (0x000001c9cf7f12c0):  JavaThread "C2 CompilerThread0" daemon [_thread_in_native, id=24892, stack(0x000000c39d200000,0x000000c39d300000) (1024K)]


Current CompileTask:
C2:   3909 1686       4       java.lang.String::replace (42 bytes)

Stack: [0x000000c39d200000,0x000000c39d300000]
Native frames: (J=compiled Java code, j=interpreted, Vv=VM code, C=native code)
V  [jvm.dll+0x6c9029]
V  [jvm.dll+0x854b81]
V  [jvm.dll+0x856e5e]
V  [jvm.dll+0x857543]
V  [jvm.dll+0x280c06]
V  [jvm.dll+0xc3ead]
V  [jvm.dll+0xc43c3]
V  [jvm.dll+0x3b5732]
V  [jvm.dll+0x382475]
V  [jvm.dll+0x3818ea]
V  [jvm.dll+0x249ad0]
V  [jvm.dll+0x2490b1]
V  [jvm.dll+0x1c9ca1]
V  [jvm.dll+0x2586b9]
V  [jvm.dll+0x256c9a]
V  [jvm.dll+0x3ef1b6]
V  [jvm.dll+0x7fd728]
V  [jvm.dll+0x6c777d]
C  [ucrtbase.dll+0x21bb2]
C  [KERNEL32.DLL+0x17344]
C  [ntdll.dll+0x526b1]


---------------  P R O C E S S  ---------------

Threads class SMR info:
_java_thread_list=0x000001ca15ba5b70, length=21, elements={
0x000001c9b3c4d810, 0x000001c9cf7d9270, 0x000001c9cf7daae0, 0x000001c9cf7e58a0,
0x000001c9cf7e64b0, 0x000001c9cf7ecf90, 0x000001c9cf7ee340, 0x000001c9cf7f12c0,
0x000001c9cf7f26b0, 0x000001c9cf7edcb0, 0x000001c9cf7ebbe0, 0x000001c9cf7ec900,
0x000001c9cf7ec270, 0x000001c9cf7ed620, 0x000001c9cf7eb550, 0x000001ca15b6f240,
0x000001ca15b6ebb0, 0x000001ca15b705f0, 0x000001ca15b72d50, 0x000001ca15b6f8d0,
0x000001ca15b73a70
}

Java Threads: ( => current thread )
  0x000001c9b3c4d810 JavaThread "Forwarding newSession on session null to remote"        [_thread_in_vm, id=26516, stack(0x000000c39c400000,0x000000c39c500000) (1024K)]
  0x000001c9cf7d9270 JavaThread "Reference Handler"          daemon [_thread_blocked, id=33396, stack(0x000000c39cc00000,0x000000c39cd00000) (1024K)]
  0x000001c9cf7daae0 JavaThread "Finalizer"                  daemon [_thread_blocked, id=33208, stack(0x000000c39cd00000,0x000000c39ce00000) (1024K)]
  0x000001c9cf7e58a0 JavaThread "Signal Dispatcher"          daemon [_thread_blocked, id=20100, stack(0x000000c39ce00000,0x000000c39cf00000) (1024K)]
  0x000001c9cf7e64b0 JavaThread "Attach Listener"            daemon [_thread_blocked, id=32440, stack(0x000000c39cf00000,0x000000c39d000000) (1024K)]
  0x000001c9cf7ecf90 JavaThread "Service Thread"             daemon [_thread_blocked, id=30992, stack(0x000000c39d000000,0x000000c39d100000) (1024K)]
  0x000001c9cf7ee340 JavaThread "Monitor Deflation Thread"   daemon [_thread_blocked, id=27528, stack(0x000000c39d100000,0x000000c39d200000) (1024K)]
=>0x000001c9cf7f12c0 JavaThread "C2 CompilerThread0"         daemon [_thread_in_native, id=24892, stack(0x000000c39d200000,0x000000c39d300000) (1024K)]
  0x000001c9cf7f26b0 JavaThread "C1 CompilerThread0"         daemon [_thread_blocked, id=33612, stack(0x000000c39d300000,0x000000c39d400000) (1024K)]
  0x000001c9cf7edcb0 JavaThread "Notification Thread"        daemon [_thread_blocked, id=31808, stack(0x000000c39d400000,0x000000c39d500000) (1024K)]
  0x000001c9cf7ebbe0 JavaThread "Common-Cleaner"             daemon [_thread_blocked, id=33244, stack(0x000000c39d500000,0x000000c39d600000) (1024K)]
  0x000001c9cf7ec900 JavaThread "ForkJoinPool.commonPool-worker-1" daemon [_thread_blocked, id=29720, stack(0x000000c39d700000,0x000000c39d800000) (1024K)]
  0x000001c9cf7ec270 JavaThread "HttpClient-1-SelectorManager" daemon [_thread_in_native, id=32376, stack(0x000000c39db00000,0x000000c39dc00000) (1024K)]
  0x000001c9cf7ed620 JavaThread "Thread-2"                          [_thread_in_native, id=8872, stack(0x000000c39dc00000,0x000000c39dd00000) (1024K)]
  0x000001c9cf7eb550 JavaThread "Driver Service Executor"    daemon [_thread_blocked, id=32848, stack(0x000000c39dd00000,0x000000c39de00000) (1024K)]
  0x000001ca15b6f240 JavaThread "Driver Service Executor"    daemon [_thread_in_native, id=30584, stack(0x000000c39de00000,0x000000c39df00000) (1024K)]
  0x000001ca15b6ebb0 JavaThread "UrlChecker-2"               daemon [_thread_blocked, id=33680, stack(0x000000c39df00000,0x000000c39e000000) (1024K)]
  0x000001ca15b705f0 JavaThread "Keep-Alive-Timer"           daemon [_thread_blocked, id=33448, stack(0x000000c39e100000,0x000000c39e200000) (1024K)]
  0x000001ca15b72d50 JavaThread "pool-1-thread-1"                   [_thread_blocked, id=8164, stack(0x000000c39e300000,0x000000c39e400000) (1024K)]
  0x000001ca15b6f8d0 JavaThread "pool-1-thread-2"                   [_thread_blocked, id=5780, stack(0x000000c39e400000,0x000000c39e500000) (1024K)]
  0x000001ca15b73a70 JavaThread "pool-1-thread-3"                   [_thread_blocked, id=33192, stack(0x000000c39e500000,0x000000c39e600000) (1024K)]
Total: 21

Other Threads:
  0x000001c9cf7bf5f0 VMThread "VM Thread"                           [id=16408, stack(0x000000c39cb00000,0x000000c39cc00000) (1024K)]
  0x000001c9cf7a5950 WatcherThread "VM Periodic Task Thread"        [id=8096, stack(0x000000c39ca00000,0x000000c39cb00000) (1024K)]
  0x000001c9b3c9ab40 WorkerThread "GC Thread#0"                     [id=29508, stack(0x000000c39c500000,0x000000c39c600000) (1024K)]
  0x000001ca156afc40 WorkerThread "GC Thread#1"                     [id=9528, stack(0x000000c39d800000,0x000000c39d900000) (1024K)]
  0x000001ca156bc7f0 WorkerThread "GC Thread#2"                     [id=32844, stack(0x000000c39d900000,0x000000c39da00000) (1024K)]
  0x000001ca156bd3a0 WorkerThread "GC Thread#3"                     [id=31208, stack(0x000000c39da00000,0x000000c39db00000) (1024K)]
  0x000001c9b3ca96b0 ConcurrentGCThread "G1 Main Marker"            [id=33444, stack(0x000000c39c600000,0x000000c39c700000) (1024K)]
  0x000001c9b3caaa10 WorkerThread "G1 Conc#0"                       [id=32852, stack(0x000000c39c700000,0x000000c39c800000) (1024K)]
  0x000001c9b3d170f0 ConcurrentGCThread "G1 Refine#0"               [id=32800, stack(0x000000c39c800000,0x000000c39c900000) (1024K)]
  0x000001c9cf680090 ConcurrentGCThread "G1 Service"                [id=33536, stack(0x000000c39c900000,0x000000c39ca00000) (1024K)]
Total: 10

Threads with active compile tasks:
C2 CompilerThread0     3962 1686       4       java.lang.String::replace (42 bytes)
Total: 1

VM state: not at safepoint (normal execution)

VM Mutex/Monitor currently owned by a thread:  ([mutex/lock_event])
[0x00007ff918978578] Metaspace_lock - owner thread: 0x000001c9b3c4d810

Heap address: 0x0000000091c00000, size: 1764 MB, Compressed Oops mode: 32-bit

CDS archive(s) mapped at: [0x000001c9d0000000-0x000001c9d0c90000-0x000001c9d0c90000), size 13172736, SharedBaseAddress: 0x000001c9d0000000, ArchiveRelocationMode: 1.
Compressed class space mapped at: 0x000001c9d1000000-0x000001ca11000000, reserved size: 1073741824
Narrow klass base: 0x000001c9d0000000, Narrow klass shift: 0, Narrow klass range: 0x100000000

GC Precious Log:
 CardTable entry size: 512
 Card Set container configuration: InlinePtr #cards 5 size 8 Array Of Cards #cards 12 size 40 Howl #buckets 4 coarsen threshold 1843 Howl Bitmap #cards 512 size 80 coarsen threshold 460 Card regions per heap region 1 cards per card region 2048
 CPUs: 4 total, 4 available
 Memory: 7050M
 Large Page Support: Disabled
 NUMA Support: Disabled
 Compressed Oops: Enabled (32-bit)
 Heap Region Size: 1M
 Heap Min Capacity: 8M
 Heap Initial Capacity: 112M
 Heap Max Capacity: 1764M
 Pre-touch: Disabled
 Parallel Workers: 4
 Concurrent Workers: 1
 Concurrent Refinement Workers: 4
 Periodic GC: Disabled

Heap:
 garbage-first heap   total 114688K, used 12701K [0x0000000091c00000, 0x0000000100000000)
  region size 1024K, 8 young (8192K), 2 survivors (2048K)
 Metaspace       used 12226K, committed 12608K, reserved 1114112K
  class space    used 1471K, committed 1664K, reserved 1048576K

Heap Regions: E=young(eden), S=young(survivor), O=old, HS=humongous(starts), HC=humongous(continues), CS=collection set, F=free, TAMS=top-at-mark-start, PB=parsable bottom
|   0|0x0000000091c00000, 0x0000000091d00000, 0x0000000091d00000|100%|HS|  |TAMS 0x0000000091c00000| PB 0x0000000091c00000| Complete 
|   1|0x0000000091d00000, 0x0000000091e00000, 0x0000000091e00000|100%| O|  |TAMS 0x0000000091d00000| PB 0x0000000091d00000| Untracked 
|   2|0x0000000091e00000, 0x0000000091f00000, 0x0000000091f00000|100%| O|  |TAMS 0x0000000091e00000| PB 0x0000000091e00000| Untracked 
|   3|0x0000000091f00000, 0x0000000092000000, 0x0000000092000000|100%| O|  |TAMS 0x0000000091f00000| PB 0x0000000091f00000| Untracked 
|   4|0x0000000092000000, 0x0000000092100000, 0x0000000092100000|100%| O|  |TAMS 0x0000000092000000| PB 0x0000000092000000| Untracked 
|   5|0x0000000092100000, 0x0000000092167748, 0x0000000092200000| 40%| O|  |TAMS 0x0000000092100000| PB 0x0000000092100000| Untracked 
|   6|0x0000000092200000, 0x0000000092200000, 0x0000000092300000|  0%| F|  |TAMS 0x0000000092200000| PB 0x0000000092200000| Untracked 
|   7|0x0000000092300000, 0x0000000092300000, 0x0000000092400000|  0%| F|  |TAMS 0x0000000092300000| PB 0x0000000092300000| Untracked 
|   8|0x0000000092400000, 0x0000000092400000, 0x0000000092500000|  0%| F|  |TAMS 0x0000000092400000| PB 0x0000000092400000| Untracked 
|   9|0x0000000092500000, 0x0000000092500000, 0x0000000092600000|  0%| F|  |TAMS 0x0000000092500000| PB 0x0000000092500000| Untracked 
|  10|0x0000000092600000, 0x0000000092600000, 0x0000000092700000|  0%| F|  |TAMS 0x0000000092600000| PB 0x0000000092600000| Untracked 
|  11|0x0000000092700000, 0x0000000092700000, 0x0000000092800000|  0%| F|  |TAMS 0x0000000092700000| PB 0x0000000092700000| Untracked 
|  12|0x0000000092800000, 0x0000000092800000, 0x0000000092900000|  0%| F|  |TAMS 0x0000000092800000| PB 0x0000000092800000| Untracked 
|  13|0x0000000092900000, 0x0000000092900000, 0x0000000092a00000|  0%| F|  |TAMS 0x0000000092900000| PB 0x0000000092900000| Untracked 
|  14|0x0000000092a00000, 0x0000000092a00000, 0x0000000092b00000|  0%| F|  |TAMS 0x0000000092a00000| PB 0x0000000092a00000| Untracked 
|  15|0x0000000092b00000, 0x0000000092b00000, 0x0000000092c00000|  0%| F|  |TAMS 0x0000000092b00000| PB 0x0000000092b00000| Untracked 
|  16|0x0000000092c00000, 0x0000000092c00000, 0x0000000092d00000|  0%| F|  |TAMS 0x0000000092c00000| PB 0x0000000092c00000| Untracked 
|  17|0x0000000092d00000, 0x0000000092d00000, 0x0000000092e00000|  0%| F|  |TAMS 0x0000000092d00000| PB 0x0000000092d00000| Untracked 
|  18|0x0000000092e00000, 0x0000000092e00000, 0x0000000092f00000|  0%| F|  |TAMS 0x0000000092e00000| PB 0x0000000092e00000| Untracked 
|  19|0x0000000092f00000, 0x0000000092f00000, 0x0000000093000000|  0%| F|  |TAMS 0x0000000092f00000| PB 0x0000000092f00000| Untracked 
|  20|0x0000000093000000, 0x0000000093000000, 0x0000000093100000|  0%| F|  |TAMS 0x0000000093000000| PB 0x0000000093000000| Untracked 
|  21|0x0000000093100000, 0x0000000093100000, 0x0000000093200000|  0%| F|  |TAMS 0x0000000093100000| PB 0x0000000093100000| Untracked 
|  22|0x0000000093200000, 0x0000000093200000, 0x0000000093300000|  0%| F|  |TAMS 0x0000000093200000| PB 0x0000000093200000| Untracked 
|  23|0x0000000093300000, 0x0000000093300000, 0x0000000093400000|  0%| F|  |TAMS 0x0000000093300000| PB 0x0000000093300000| Untracked 
|  24|0x0000000093400000, 0x0000000093400000, 0x0000000093500000|  0%| F|  |TAMS 0x0000000093400000| PB 0x0000000093400000| Untracked 
|  25|0x0000000093500000, 0x0000000093500000, 0x0000000093600000|  0%| F|  |TAMS 0x0000000093500000| PB 0x0000000093500000| Untracked 
|  26|0x0000000093600000, 0x0000000093600000, 0x0000000093700000|  0%| F|  |TAMS 0x0000000093600000| PB 0x0000000093600000| Untracked 
|  27|0x0000000093700000, 0x0000000093700000, 0x0000000093800000|  0%| F|  |TAMS 0x0000000093700000| PB 0x0000000093700000| Untracked 
|  28|0x0000000093800000, 0x0000000093800000, 0x0000000093900000|  0%| F|  |TAMS 0x0000000093800000| PB 0x0000000093800000| Untracked 
|  29|0x0000000093900000, 0x0000000093900000, 0x0000000093a00000|  0%| F|  |TAMS 0x0000000093900000| PB 0x0000000093900000| Untracked 
|  30|0x0000000093a00000, 0x0000000093a00000, 0x0000000093b00000|  0%| F|  |TAMS 0x0000000093a00000| PB 0x0000000093a00000| Untracked 
|  31|0x0000000093b00000, 0x0000000093b00000, 0x0000000093c00000|  0%| F|  |TAMS 0x0000000093b00000| PB 0x0000000093b00000| Untracked 
|  32|0x0000000093c00000, 0x0000000093c00000, 0x0000000093d00000|  0%| F|  |TAMS 0x0000000093c00000| PB 0x0000000093c00000| Untracked 
|  33|0x0000000093d00000, 0x0000000093d00000, 0x0000000093e00000|  0%| F|  |TAMS 0x0000000093d00000| PB 0x0000000093d00000| Untracked 
|  34|0x0000000093e00000, 0x0000000093e00000, 0x0000000093f00000|  0%| F|  |TAMS 0x0000000093e00000| PB 0x0000000093e00000| Untracked 
|  35|0x0000000093f00000, 0x0000000093f00000, 0x0000000094000000|  0%| F|  |TAMS 0x0000000093f00000| PB 0x0000000093f00000| Untracked 
|  36|0x0000000094000000, 0x0000000094000000, 0x0000000094100000|  0%| F|  |TAMS 0x0000000094000000| PB 0x0000000094000000| Untracked 
|  37|0x0000000094100000, 0x0000000094100000, 0x0000000094200000|  0%| F|  |TAMS 0x0000000094100000| PB 0x0000000094100000| Untracked 
|  38|0x0000000094200000, 0x0000000094200000, 0x0000000094300000|  0%| F|  |TAMS 0x0000000094200000| PB 0x0000000094200000| Untracked 
|  39|0x0000000094300000, 0x0000000094300000, 0x0000000094400000|  0%| F|  |TAMS 0x0000000094300000| PB 0x0000000094300000| Untracked 
|  40|0x0000000094400000, 0x0000000094400000, 0x0000000094500000|  0%| F|  |TAMS 0x0000000094400000| PB 0x0000000094400000| Untracked 
|  41|0x0000000094500000, 0x0000000094500000, 0x0000000094600000|  0%| F|  |TAMS 0x0000000094500000| PB 0x0000000094500000| Untracked 
|  42|0x0000000094600000, 0x0000000094600000, 0x0000000094700000|  0%| F|  |TAMS 0x0000000094600000| PB 0x0000000094600000| Untracked 
|  43|0x0000000094700000, 0x0000000094700000, 0x0000000094800000|  0%| F|  |TAMS 0x0000000094700000| PB 0x0000000094700000| Untracked 
|  44|0x0000000094800000, 0x0000000094800000, 0x0000000094900000|  0%| F|  |TAMS 0x0000000094800000| PB 0x0000000094800000| Untracked 
|  45|0x0000000094900000, 0x0000000094900000, 0x0000000094a00000|  0%| F|  |TAMS 0x0000000094900000| PB 0x0000000094900000| Untracked 
|  46|0x0000000094a00000, 0x0000000094a00000, 0x0000000094b00000|  0%| F|  |TAMS 0x0000000094a00000| PB 0x0000000094a00000| Untracked 
|  47|0x0000000094b00000, 0x0000000094b00000, 0x0000000094c00000|  0%| F|  |TAMS 0x0000000094b00000| PB 0x0000000094b00000| Untracked 
|  48|0x0000000094c00000, 0x0000000094c00000, 0x0000000094d00000|  0%| F|  |TAMS 0x0000000094c00000| PB 0x0000000094c00000| Untracked 
|  49|0x0000000094d00000, 0x0000000094d00000, 0x0000000094e00000|  0%| F|  |TAMS 0x0000000094d00000| PB 0x0000000094d00000| Untracked 
|  50|0x0000000094e00000, 0x0000000094e00000, 0x0000000094f00000|  0%| F|  |TAMS 0x0000000094e00000| PB 0x0000000094e00000| Untracked 
|  51|0x0000000094f00000, 0x0000000094f00000, 0x0000000095000000|  0%| F|  |TAMS 0x0000000094f00000| PB 0x0000000094f00000| Untracked 
|  52|0x0000000095000000, 0x0000000095000000, 0x0000000095100000|  0%| F|  |TAMS 0x0000000095000000| PB 0x0000000095000000| Untracked 
|  53|0x0000000095100000, 0x0000000095100000, 0x0000000095200000|  0%| F|  |TAMS 0x0000000095100000| PB 0x0000000095100000| Untracked 
|  54|0x0000000095200000, 0x0000000095200000, 0x0000000095300000|  0%| F|  |TAMS 0x0000000095200000| PB 0x0000000095200000| Untracked 
|  55|0x0000000095300000, 0x0000000095300000, 0x0000000095400000|  0%| F|  |TAMS 0x0000000095300000| PB 0x0000000095300000| Untracked 
|  56|0x0000000095400000, 0x0000000095400000, 0x0000000095500000|  0%| F|  |TAMS 0x0000000095400000| PB 0x0000000095400000| Untracked 
|  57|0x0000000095500000, 0x0000000095500000, 0x0000000095600000|  0%| F|  |TAMS 0x0000000095500000| PB 0x0000000095500000| Untracked 
|  58|0x0000000095600000, 0x0000000095600000, 0x0000000095700000|  0%| F|  |TAMS 0x0000000095600000| PB 0x0000000095600000| Untracked 
|  59|0x0000000095700000, 0x0000000095700000, 0x0000000095800000|  0%| F|  |TAMS 0x0000000095700000| PB 0x0000000095700000| Untracked 
|  60|0x0000000095800000, 0x0000000095800000, 0x0000000095900000|  0%| F|  |TAMS 0x0000000095800000| PB 0x0000000095800000| Untracked 
|  61|0x0000000095900000, 0x0000000095900000, 0x0000000095a00000|  0%| F|  |TAMS 0x0000000095900000| PB 0x0000000095900000| Untracked 
|  62|0x0000000095a00000, 0x0000000095a00000, 0x0000000095b00000|  0%| F|  |TAMS 0x0000000095a00000| PB 0x0000000095a00000| Untracked 
|  63|0x0000000095b00000, 0x0000000095b00000, 0x0000000095c00000|  0%| F|  |TAMS 0x0000000095b00000| PB 0x0000000095b00000| Untracked 
|  64|0x0000000095c00000, 0x0000000095c00000, 0x0000000095d00000|  0%| F|  |TAMS 0x0000000095c00000| PB 0x0000000095c00000| Untracked 
|  65|0x0000000095d00000, 0x0000000095d00000, 0x0000000095e00000|  0%| F|  |TAMS 0x0000000095d00000| PB 0x0000000095d00000| Untracked 
|  66|0x0000000095e00000, 0x0000000095e00000, 0x0000000095f00000|  0%| F|  |TAMS 0x0000000095e00000| PB 0x0000000095e00000| Untracked 
|  67|0x0000000095f00000, 0x0000000095f00000, 0x0000000096000000|  0%| F|  |TAMS 0x0000000095f00000| PB 0x0000000095f00000| Untracked 
|  68|0x0000000096000000, 0x0000000096000000, 0x0000000096100000|  0%| F|  |TAMS 0x0000000096000000| PB 0x0000000096000000| Untracked 
|  69|0x0000000096100000, 0x0000000096100000, 0x0000000096200000|  0%| F|  |TAMS 0x0000000096100000| PB 0x0000000096100000| Untracked 
|  70|0x0000000096200000, 0x0000000096200000, 0x0000000096300000|  0%| F|  |TAMS 0x0000000096200000| PB 0x0000000096200000| Untracked 
|  71|0x0000000096300000, 0x0000000096300000, 0x0000000096400000|  0%| F|  |TAMS 0x0000000096300000| PB 0x0000000096300000| Untracked 
|  72|0x0000000096400000, 0x0000000096400000, 0x0000000096500000|  0%| F|  |TAMS 0x0000000096400000| PB 0x0000000096400000| Untracked 
|  73|0x0000000096500000, 0x0000000096500000, 0x0000000096600000|  0%| F|  |TAMS 0x0000000096500000| PB 0x0000000096500000| Untracked 
|  74|0x0000000096600000, 0x0000000096600000, 0x0000000096700000|  0%| F|  |TAMS 0x0000000096600000| PB 0x0000000096600000| Untracked 
|  75|0x0000000096700000, 0x0000000096700000, 0x0000000096800000|  0%| F|  |TAMS 0x0000000096700000| PB 0x0000000096700000| Untracked 
|  76|0x0000000096800000, 0x0000000096800000, 0x0000000096900000|  0%| F|  |TAMS 0x0000000096800000| PB 0x0000000096800000| Untracked 
|  77|0x0000000096900000, 0x0000000096900000, 0x0000000096a00000|  0%| F|  |TAMS 0x0000000096900000| PB 0x0000000096900000| Untracked 
|  78|0x0000000096a00000, 0x0000000096a00000, 0x0000000096b00000|  0%| F|  |TAMS 0x0000000096a00000| PB 0x0000000096a00000| Untracked 
|  79|0x0000000096b00000, 0x0000000096b00000, 0x0000000096c00000|  0%| F|  |TAMS 0x0000000096b00000| PB 0x0000000096b00000| Untracked 
|  80|0x0000000096c00000, 0x0000000096c00000, 0x0000000096d00000|  0%| F|  |TAMS 0x0000000096c00000| PB 0x0000000096c00000| Untracked 
|  81|0x0000000096d00000, 0x0000000096d00000, 0x0000000096e00000|  0%| F|  |TAMS 0x0000000096d00000| PB 0x0000000096d00000| Untracked 
|  82|0x0000000096e00000, 0x0000000096e00000, 0x0000000096f00000|  0%| F|  |TAMS 0x0000000096e00000| PB 0x0000000096e00000| Untracked 
|  83|0x0000000096f00000, 0x0000000096f00000, 0x0000000097000000|  0%| F|  |TAMS 0x0000000096f00000| PB 0x0000000096f00000| Untracked 
|  84|0x0000000097000000, 0x0000000097000000, 0x0000000097100000|  0%| F|  |TAMS 0x0000000097000000| PB 0x0000000097000000| Untracked 
|  85|0x0000000097100000, 0x0000000097100000, 0x0000000097200000|  0%| F|  |TAMS 0x0000000097100000| PB 0x0000000097100000| Untracked 
|  86|0x0000000097200000, 0x0000000097200000, 0x0000000097300000|  0%| F|  |TAMS 0x0000000097200000| PB 0x0000000097200000| Untracked 
|  87|0x0000000097300000, 0x0000000097300000, 0x0000000097400000|  0%| F|  |TAMS 0x0000000097300000| PB 0x0000000097300000| Untracked 
|  88|0x0000000097400000, 0x0000000097400000, 0x0000000097500000|  0%| F|  |TAMS 0x0000000097400000| PB 0x0000000097400000| Untracked 
|  89|0x0000000097500000, 0x0000000097500000, 0x0000000097600000|  0%| F|  |TAMS 0x0000000097500000| PB 0x0000000097500000| Untracked 
|  90|0x0000000097600000, 0x0000000097600000, 0x0000000097700000|  0%| F|  |TAMS 0x0000000097600000| PB 0x0000000097600000| Untracked 
|  91|0x0000000097700000, 0x0000000097700000, 0x0000000097800000|  0%| F|  |TAMS 0x0000000097700000| PB 0x0000000097700000| Untracked 
|  92|0x0000000097800000, 0x0000000097800000, 0x0000000097900000|  0%| F|  |TAMS 0x0000000097800000| PB 0x0000000097800000| Untracked 
|  93|0x0000000097900000, 0x0000000097900000, 0x0000000097a00000|  0%| F|  |TAMS 0x0000000097900000| PB 0x0000000097900000| Untracked 
|  94|0x0000000097a00000, 0x0000000097b00000, 0x0000000097b00000|100%| S|CS|TAMS 0x0000000097a00000| PB 0x0000000097a00000| Complete 
|  95|0x0000000097b00000, 0x0000000097c00000, 0x0000000097c00000|100%| S|CS|TAMS 0x0000000097b00000| PB 0x0000000097b00000| Complete 
|  96|0x0000000097c00000, 0x0000000097c00000, 0x0000000097d00000|  0%| F|  |TAMS 0x0000000097c00000| PB 0x0000000097c00000| Untracked 
|  97|0x0000000097d00000, 0x0000000097d00000, 0x0000000097e00000|  0%| F|  |TAMS 0x0000000097d00000| PB 0x0000000097d00000| Untracked 
|  98|0x0000000097e00000, 0x0000000097e00000, 0x0000000097f00000|  0%| F|  |TAMS 0x0000000097e00000| PB 0x0000000097e00000| Untracked 
|  99|0x0000000097f00000, 0x0000000097f00000, 0x0000000098000000|  0%| F|  |TAMS 0x0000000097f00000| PB 0x0000000097f00000| Untracked 
| 100|0x0000000098000000, 0x0000000098000000, 0x0000000098100000|  0%| F|  |TAMS 0x0000000098000000| PB 0x0000000098000000| Untracked 
| 101|0x0000000098100000, 0x0000000098100000, 0x0000000098200000|  0%| F|  |TAMS 0x0000000098100000| PB 0x0000000098100000| Untracked 
| 102|0x0000000098200000, 0x0000000098200000, 0x0000000098300000|  0%| F|  |TAMS 0x0000000098200000| PB 0x0000000098200000| Untracked 
| 103|0x0000000098300000, 0x0000000098300000, 0x0000000098400000|  0%| F|  |TAMS 0x0000000098300000| PB 0x0000000098300000| Untracked 
| 104|0x0000000098400000, 0x0000000098400000, 0x0000000098500000|  0%| F|  |TAMS 0x0000000098400000| PB 0x0000000098400000| Untracked 
| 105|0x0000000098500000, 0x0000000098500000, 0x0000000098600000|  0%| F|  |TAMS 0x0000000098500000| PB 0x0000000098500000| Untracked 
| 106|0x0000000098600000, 0x0000000098700000, 0x0000000098700000|100%| E|  |TAMS 0x0000000098600000| PB 0x0000000098600000| Complete 
| 107|0x0000000098700000, 0x0000000098800000, 0x0000000098800000|100%| E|CS|TAMS 0x0000000098700000| PB 0x0000000098700000| Complete 
| 108|0x0000000098800000, 0x0000000098900000, 0x0000000098900000|100%| E|CS|TAMS 0x0000000098800000| PB 0x0000000098800000| Complete 
| 109|0x0000000098900000, 0x0000000098a00000, 0x0000000098a00000|100%| E|CS|TAMS 0x0000000098900000| PB 0x0000000098900000| Complete 
| 110|0x0000000098a00000, 0x0000000098b00000, 0x0000000098b00000|100%| E|CS|TAMS 0x0000000098a00000| PB 0x0000000098a00000| Complete 
| 111|0x0000000098b00000, 0x0000000098c00000, 0x0000000098c00000|100%| E|CS|TAMS 0x0000000098b00000| PB 0x0000000098b00000| Complete 

Card table byte_map: [0x000001c9cb430000,0x000001c9cb7b0000] _byte_map_base: 0x000001c9cafa2000

Marking Bits: (CMBitMap*) 0x000001c9b3c9b150
 Bits: [0x000001c9cb7b0000, 0x000001c9cd340000)

Polling page: 0x000001c9b3420000

Metaspace:

Usage:
  Non-class:     10.50 MB used.
      Class:      1.44 MB used.
       Both:     11.94 MB used.

Virtual space:
  Non-class space:       64.00 MB reserved,      10.69 MB ( 17%) committed,  1 nodes.
      Class space:        1.00 GB reserved,       1.62 MB ( <1%) committed,  1 nodes.
             Both:        1.06 GB reserved,      12.31 MB (  1%) committed. 

Chunk freelists:
   Non-Class:  4.98 MB
       Class:  14.30 MB
        Both:  19.28 MB

MaxMetaspaceSize: unlimited
CompressedClassSpaceSize: 1.00 GB
Initial GC threshold: 21.00 MB
Current GC threshold: 21.00 MB
CDS: on
 - commit_granule_bytes: 65536.
 - commit_granule_words: 8192.
 - virtual_space_node_default_size: 8388608.
 - enlarge_chunks_in_place: 1.
 - use_allocation_guard: 0.


Internal statistics:

num_allocs_failed_limit: 0.
num_arena_births: 324.
num_arena_deaths: 0.
num_vsnodes_births: 2.
num_vsnodes_deaths: 0.
num_space_committed: 197.
num_space_uncommitted: 0.
num_chunks_returned_to_freelist: 0.
num_chunks_taken_from_freelist: 645.
num_chunk_merges: 0.
num_chunk_splits: 369.
num_chunks_enlarged: 197.
num_inconsistent_stats: 0.

CodeHeap 'non-profiled nmethods': size=120000Kb used=603Kb max_used=603Kb free=119397Kb
 bounds [0x000001c9c3b80000, 0x000001c9c3df0000, 0x000001c9cb0b0000]
CodeHeap 'profiled nmethods': size=120000Kb used=3244Kb max_used=3244Kb free=116755Kb
 bounds [0x000001c9bc0b0000, 0x000001c9bc3e0000, 0x000001c9c35e0000]
CodeHeap 'non-nmethods': size=5760Kb used=1462Kb max_used=1511Kb free=4297Kb
 bounds [0x000001c9c35e0000, 0x000001c9c3850000, 0x000001c9c3b80000]
 total_blobs=2236 nmethods=1691 adapters=450
 compilation: enabled
              stopped_count=0, restarted_count=0
 full_count=0

Compilation events (20 events):
Event: 3.843 Thread 0x000001c9cf7f26b0 nmethod 1682 0x000001c9bc3cc490 code [0x000001c9bc3cc640, 0x000001c9bc3cc858]
Event: 3.844 Thread 0x000001c9cf7f26b0 1683       3       org.openqa.selenium.internal.Require::nonNull (27 bytes)
Event: 3.845 Thread 0x000001c9cf7f26b0 nmethod 1683 0x000001c9bc3cc910 code [0x000001c9bc3ccb80, 0x000001c9bc3cd6c0]
Event: 3.863 Thread 0x000001c9cf7f26b0 1684   !   3       jdk.internal.loader.Resource::getBytes (244 bytes)
Event: 3.865 Thread 0x000001c9cf7f26b0 nmethod 1684 0x000001c9bc3cda90 code [0x000001c9bc3cddc0, 0x000001c9bc3cf538]
Event: 3.882 Thread 0x000001c9cf7f26b0 1685       3       jdk.internal.loader.BuiltinClassLoader::defineClass (121 bytes)
Event: 3.883 Thread 0x000001c9cf7f26b0 nmethod 1685 0x000001c9bc3cfe90 code [0x000001c9bc3d01c0, 0x000001c9bc3d1500]
Event: 3.886 Thread 0x000001c9cf7f12c0 1686       4       java.lang.String::replace (42 bytes)
Event: 3.893 Thread 0x000001c9cf7f26b0 1687   !   3       java.lang.invoke.InnerClassLambdaMetafactory::generateInnerClass (506 bytes)
Event: 3.898 Thread 0x000001c9cf7f26b0 nmethod 1687 0x000001c9bc3d1a90 code [0x000001c9bc3d1f40, 0x000001c9bc3d40a0]
Event: 3.898 Thread 0x000001c9cf7f26b0 1691       3       java.lang.invoke.InnerClassLambdaMetafactory$ForwardingMethodGenerator::convertArgumentTypes (96 bytes)
Event: 3.900 Thread 0x000001c9cf7f26b0 nmethod 1691 0x000001c9bc3d4e10 code [0x000001c9bc3d5080, 0x000001c9bc3d5af8]
Event: 3.900 Thread 0x000001c9cf7f26b0 1688       3       java.lang.invoke.InnerClassLambdaMetafactory::generateConstructor (154 bytes)
Event: 3.902 Thread 0x000001c9cf7f26b0 nmethod 1688 0x000001c9bc3d6010 code [0x000001c9bc3d6300, 0x000001c9bc3d72c8]
Event: 3.902 Thread 0x000001c9cf7f26b0 1690       3       java.lang.invoke.InnerClassLambdaMetafactory$ForwardingMethodGenerator::generate (272 bytes)
Event: 3.905 Thread 0x000001c9cf7f26b0 nmethod 1690 0x000001c9bc3d7810 code [0x000001c9bc3d7bc0, 0x000001c9bc3d9848]
Event: 3.905 Thread 0x000001c9cf7f26b0 1689       3       java.lang.invoke.InnerClassLambdaMetafactory$ForwardingMethodGenerator::<init> (11 bytes)
Event: 3.906 Thread 0x000001c9cf7f26b0 nmethod 1689 0x000001c9bc3da110 code [0x000001c9bc3da2c0, 0x000001c9bc3da4c0]
Event: 3.906 Thread 0x000001c9cf7f26b0 1692       3       java.lang.invoke.InnerClassLambdaMetafactory$ForwardingMethodGenerator::invocationOpcode (104 bytes)
Event: 3.907 Thread 0x000001c9cf7f26b0 nmethod 1692 0x000001c9bc3da590 code [0x000001c9bc3da7e0, 0x000001c9bc3daf70]

GC Heap History (4 events):
Event: 1.480 GC heap before
{Heap before GC invocations=0 (full 0):
 garbage-first heap   total 114688K, used 14336K [0x0000000091c00000, 0x0000000100000000)
  region size 1024K, 13 young (13312K), 0 survivors (0K)
 Metaspace       used 3495K, committed 3648K, reserved 1114112K
  class space    used 417K, committed 512K, reserved 1048576K
}
Event: 1.487 GC heap after
{Heap after GC invocations=1 (full 0):
 garbage-first heap   total 114688K, used 5152K [0x0000000091c00000, 0x0000000100000000)
  region size 1024K, 2 young (2048K), 2 survivors (2048K)
 Metaspace       used 3495K, committed 3648K, reserved 1114112K
  class space    used 417K, committed 512K, reserved 1048576K
}
Event: 2.304 GC heap before
{Heap before GC invocations=1 (full 0):
 garbage-first heap   total 114688K, used 18464K [0x0000000091c00000, 0x0000000100000000)
  region size 1024K, 16 young (16384K), 2 survivors (2048K)
 Metaspace       used 9943K, committed 10240K, reserved 1114112K
  class space    used 1153K, committed 1280K, reserved 1048576K
}
Event: 2.312 GC heap after
{Heap after GC invocations=2 (full 0):
 garbage-first heap   total 114688K, used 7581K [0x0000000091c00000, 0x0000000100000000)
  region size 1024K, 2 young (2048K), 2 survivors (2048K)
 Metaspace       used 9943K, committed 10240K, reserved 1114112K
  class space    used 1153K, committed 1280K, reserved 1048576K
}

Dll operation events (8 events):
Event: 0.021 Loaded shared library C:\Program Files\Java\jdk-21\bin\java.dll
Event: 0.109 Loaded shared library C:\Program Files\Java\jdk-21\bin\jsvml.dll
Event: 0.277 Loaded shared library C:\Program Files\Java\jdk-21\bin\net.dll
Event: 0.280 Loaded shared library C:\Program Files\Java\jdk-21\bin\nio.dll
Event: 0.291 Loaded shared library C:\Program Files\Java\jdk-21\bin\zip.dll
Event: 0.419 Loaded shared library C:\Program Files\Java\jdk-21\bin\jimage.dll
Event: 0.569 Loaded shared library C:\Program Files\Java\jdk-21\bin\extnet.dll
Event: 1.597 Loaded shared library C:\Program Files\Java\jdk-21\bin\sunmscapi.dll

Deoptimization events (20 events):
Event: 2.084 Thread 0x000001ca15b6ebb0 Uncommon trap: trap_request=0xffffffde fr.pc=0x000001c9c3ba721c relative=0x000000000000033c
Event: 2.084 Thread 0x000001ca15b6ebb0 Uncommon trap: reason=class_check action=maybe_recompile pc=0x000001c9c3ba721c method=java.util.regex.Pattern$BmpCharPropertyGreedy.match(Ljava/util/regex/Matcher;ILjava/lang/CharSequence;)Z @ 26 c2
Event: 2.084 Thread 0x000001ca15b6ebb0 DEOPT PACKING pc=0x000001c9c3ba721c sp=0x000000c39dffded0
Event: 2.084 Thread 0x000001ca15b6ebb0 DEOPT UNPACKING pc=0x000001c9c36346a2 sp=0x000000c39dffde68 mode 2
Event: 3.809 Thread 0x000001ca15b72d50 Uncommon trap: trap_request=0xffffffde fr.pc=0x000001c9c3c14a5c relative=0x000000000000013c
Event: 3.809 Thread 0x000001ca15b72d50 Uncommon trap: reason=class_check action=maybe_recompile pc=0x000001c9c3c14a5c method=jdk.internal.misc.Unsafe.allocateUninitializedArray(Ljava/lang/Class;I)Ljava/lang/Object; @ 51 c2
Event: 3.809 Thread 0x000001ca15b72d50 DEOPT PACKING pc=0x000001c9c3c14a5c sp=0x000000c39e3fdb30
Event: 3.809 Thread 0x000001ca15b72d50 DEOPT UNPACKING pc=0x000001c9c36346a2 sp=0x000000c39e3fdaa8 mode 2
Event: 3.809 Thread 0x000001ca15b72d50 Uncommon trap: trap_request=0xffffffde fr.pc=0x000001c9c3c14a5c relative=0x000000000000013c
Event: 3.809 Thread 0x000001ca15b72d50 Uncommon trap: reason=class_check action=maybe_recompile pc=0x000001c9c3c14a5c method=jdk.internal.misc.Unsafe.allocateUninitializedArray(Ljava/lang/Class;I)Ljava/lang/Object; @ 51 c2
Event: 3.809 Thread 0x000001ca15b72d50 DEOPT PACKING pc=0x000001c9c3c14a5c sp=0x000000c39e3fdaa0
Event: 3.809 Thread 0x000001ca15b72d50 DEOPT UNPACKING pc=0x000001c9c36346a2 sp=0x000000c39e3fda18 mode 2
Event: 3.809 Thread 0x000001ca15b72d50 Uncommon trap: trap_request=0xffffffde fr.pc=0x000001c9c3c14a5c relative=0x000000000000013c
Event: 3.809 Thread 0x000001ca15b72d50 Uncommon trap: reason=class_check action=maybe_recompile pc=0x000001c9c3c14a5c method=jdk.internal.misc.Unsafe.allocateUninitializedArray(Ljava/lang/Class;I)Ljava/lang/Object; @ 51 c2
Event: 3.809 Thread 0x000001ca15b72d50 DEOPT PACKING pc=0x000001c9c3c14a5c sp=0x000000c39e3fdb20
Event: 3.809 Thread 0x000001ca15b72d50 DEOPT UNPACKING pc=0x000001c9c36346a2 sp=0x000000c39e3fda98 mode 2
Event: 3.809 Thread 0x000001ca15b72d50 Uncommon trap: trap_request=0xffffffde fr.pc=0x000001c9c3c14a5c relative=0x000000000000013c
Event: 3.809 Thread 0x000001ca15b72d50 Uncommon trap: reason=class_check action=maybe_recompile pc=0x000001c9c3c14a5c method=jdk.internal.misc.Unsafe.allocateUninitializedArray(Ljava/lang/Class;I)Ljava/lang/Object; @ 51 c2
Event: 3.809 Thread 0x000001ca15b72d50 DEOPT PACKING pc=0x000001c9c3c14a5c sp=0x000000c39e3fd7e0
Event: 3.809 Thread 0x000001ca15b72d50 DEOPT UNPACKING pc=0x000001c9c36346a2 sp=0x000000c39e3fd758 mode 2

Classes loaded (20 events):
Event: 3.817 Loading class java/util/stream/LongPipeline
Event: 3.817 Loading class java/util/stream/LongStream
Event: 3.817 Loading class java/util/stream/LongStream done
Event: 3.818 Loading class java/util/stream/LongPipeline done
Event: 3.818 Loading class java/util/stream/LongPipeline$StatelessOp done
Event: 3.818 Loading class java/util/stream/ReferencePipeline$5 done
Event: 3.819 Loading class java/util/stream/FindOps$FindSink$OfLong
Event: 3.819 Loading class java/util/stream/Sink$OfLong
Event: 3.819 Loading class java/util/stream/Sink$OfLong done
Event: 3.819 Loading class java/util/stream/FindOps$FindSink$OfLong done
Event: 3.819 Loading class java/util/OptionalLong
Event: 3.819 Loading class java/util/OptionalLong done
Event: 3.821 Loading class java/util/stream/ReferencePipeline$5$1
Event: 3.821 Loading class java/util/stream/ReferencePipeline$5$1 done
Event: 3.822 Loading class java/lang/invoke/VarHandleBytes$FieldInstanceReadWrite
Event: 3.822 Loading class java/lang/invoke/VarHandleBytes$FieldInstanceReadOnly
Event: 3.823 Loading class java/lang/invoke/VarHandleBytes$FieldInstanceReadOnly done
Event: 3.823 Loading class java/lang/invoke/VarHandleBytes$FieldInstanceReadWrite done
Event: 3.888 Loading class java/util/DualPivotQuicksort
Event: 3.888 Loading class java/util/DualPivotQuicksort done

Classes unloaded (0 events):
No events

Classes redefined (0 events):
No events

Internal exceptions (20 events):
Event: 1.535 Thread 0x000001c9b3c4d810 Exception <a 'java/lang/NoSuchMethodError'{0x0000000098a22738}: 'java.lang.Object java.lang.invoke.Invokers$Holder.invokeExact_MT(java.lang.Object, java.lang.Object, java.lang.Object, java.lang.Object, java.lang.Object, java.lang.Object)'> (0x0000000098a22738) 
thrown [s\open\src\hotspot\share\interpreter\linkResolver.cpp, line 773]
Event: 1.668 Thread 0x000001c9b3c4d810 Exception <a 'sun/nio/fs/WindowsException'{0x0000000098970280}> (0x0000000098970280) 
thrown [s\open\src\hotspot\share\prims\jni.cpp, line 520]
Event: 1.760 Thread 0x000001c9b3c4d810 Exception <a 'java/lang/NoSuchMethodError'{0x00000000988d3990}: 'void java.lang.invoke.DirectMethodHandle$Holder.invokeVirtual(java.lang.Object, java.lang.Object)'> (0x00000000988d3990) 
thrown [s\open\src\hotspot\share\interpreter\linkResolver.cpp, line 773]
Event: 1.855 Thread 0x000001c9b3c4d810 Exception <a 'java/lang/NoSuchMethodError'{0x00000000984e3978}: 'java.lang.Object java.lang.invoke.DirectMethodHandle$Holder.invokeStaticInit(java.lang.Object, int, int, int, int)'> (0x00000000984e3978) 
thrown [s\open\src\hotspot\share\interpreter\linkResolver.cpp, line 773]
Event: 1.886 Thread 0x000001c9b3c4d810 Exception <a 'java/lang/NoSuchMethodError'{0x000000009839f848}: 'java.lang.Object java.lang.invoke.DirectMethodHandle$Holder.invokeStaticInit(java.lang.Object, java.lang.Object, int, int, int, int)'> (0x000000009839f848) 
thrown [s\open\src\hotspot\share\interpreter\linkResolver.cpp, line 773]
Event: 2.040 Thread 0x000001c9b3c4d810 Exception <a 'java/lang/NoSuchMethodError'{0x0000000098198308}: 'java.lang.Object java.lang.invoke.DirectMethodHandle$Holder.invokeInterface(java.lang.Object, java.lang.Object, java.lang.Object)'> (0x0000000098198308) 
thrown [s\open\src\hotspot\share\interpreter\linkResolver.cpp, line 773]
Event: 2.040 Thread 0x000001c9b3c4d810 Exception <a 'java/lang/IncompatibleClassChangeError'{0x000000009819b6f0}: Found class java.lang.Object, but interface was expected> (0x000000009819b6f0) 
thrown [s\open\src\hotspot\share\interpreter\linkResolver.cpp, line 840]
Event: 2.042 Thread 0x000001c9b3c4d810 Exception <a 'java/lang/NoSuchMethodError'{0x00000000981a28a8}: 'int java.lang.invoke.DirectMethodHandle$Holder.invokeSpecialIFC(java.lang.Object, java.lang.Object, java.lang.Object, java.lang.Object)'> (0x00000000981a28a8) 
thrown [s\open\src\hotspot\share\interpreter\linkResolver.cpp, line 773]
Event: 2.055 Thread 0x000001c9b3c4d810 Exception <a 'java/lang/NoSuchMethodError'{0x00000000980150b0}: 'java.lang.Object java.lang.invoke.DirectMethodHandle$Holder.invokeVirtual(java.lang.Object, java.lang.Object, java.lang.Object, java.lang.Object)'> (0x00000000980150b0) 
thrown [s\open\src\hotspot\share\interpreter\linkResolver.cpp, line 773]
Event: 2.093 Thread 0x000001ca15b6ebb0 Exception <a 'java/net/ConnectException'{0x000000009808d8a0}: Connection refused: no further information> (0x000000009808d8a0) 
thrown [s\open\src\hotspot\share\prims\jni.cpp, line 539]
Event: 2.107 Thread 0x000001ca15b6ebb0 Exception <a 'java/net/ConnectException'{0x000000009808e9a0}: Connection refused: no further information> (0x000000009808e9a0) 
thrown [s\open\src\hotspot\share\prims\jni.cpp, line 539]
Event: 2.137 Thread 0x000001ca15b6ebb0 Exception <a 'java/net/ConnectException'{0x000000009808f8c8}: Connection refused: no further information> (0x000000009808f8c8) 
thrown [s\open\src\hotspot\share\prims\jni.cpp, line 539]
Event: 2.254 Thread 0x000001c9b3c4d810 Exception <a 'java/lang/NoSuchMethodError'{0x0000000097fc65a8}: 'java.lang.Object java.lang.invoke.DirectMethodHandle$Holder.newInvokeSpecial(java.lang.Object, java.lang.Object, int, int)'> (0x0000000097fc65a8) 
thrown [s\open\src\hotspot\share\interpreter\linkResolver.cpp, line 773]
Event: 2.256 Thread 0x000001c9b3c4d810 Exception <a 'java/lang/NoSuchMethodError'{0x0000000097fd0810}: 'void java.lang.invoke.DirectMethodHandle$Holder.invokeStatic(java.lang.Object, java.lang.Object, int)'> (0x0000000097fd0810) 
thrown [s\open\src\hotspot\share\interpreter\linkResolver.cpp, line 773]
Event: 2.300 Thread 0x000001c9b3c4d810 Exception <a 'java/lang/NoSuchMethodError'{0x0000000097cf40b0}: 'java.lang.Object java.lang.invoke.DirectMethodHandle$Holder.newInvokeSpecial(java.lang.Object, java.lang.Object, java.lang.Object, java.lang.Object, java.lang.Object)'> (0x0000000097cf40b0) 
thrown [s\open\src\hotspot\share\interpreter\linkResolver.cpp, line 773]
Event: 2.422 Thread 0x000001c9b3c4d810 Exception <a 'java/lang/NoSuchMethodError'{0x00000000989b0920}: 'void java.lang.invoke.DirectMethodHandle$Holder.invokeSpecial(java.lang.Object, java.lang.Object, java.lang.Object)'> (0x00000000989b0920) 
thrown [s\open\src\hotspot\share\interpreter\linkResolver.cpp, line 773]
Event: 2.479 Thread 0x000001ca15b72d50 Exception <a 'java/lang/NoSuchMethodError'{0x00000000988976f8}: 'java.lang.Object java.lang.invoke.DirectMethodHandle$Holder.invokeSpecial(java.lang.Object, java.lang.Object, java.lang.Object, java.lang.Object, int)'> (0x00000000988976f8) 
thrown [s\open\src\hotspot\share\interpreter\linkResolver.cpp, line 773]
Event: 2.480 Thread 0x000001ca15b72d50 Exception <a 'java/lang/NoSuchMethodError'{0x000000009889b040}: 'java.lang.Object java.lang.invoke.Invokers$Holder.linkToTargetMethod(java.lang.Object, java.lang.Object, int, java.lang.Object)'> (0x000000009889b040) 
thrown [s\open\src\hotspot\share\interpreter\linkResolver.cpp, line 773]
Event: 2.511 Thread 0x000001ca15b72d50 Exception <a 'java/lang/NoSuchMethodError'{0x00000000988db180}: 'void java.lang.invoke.DirectMethodHandle$Holder.invokeSpecial(java.lang.Object, java.lang.Object, java.lang.Object, java.lang.Object, java.lang.Object)'> (0x00000000988db180) 
thrown [s\open\src\hotspot\share\interpreter\linkResolver.cpp, line 773]
Event: 3.832 Thread 0x000001ca15b72d50 Exception <a 'java/lang/NoSuchMethodError'{0x0000000098615340}: 'void java.lang.invoke.DirectMethodHandle$Holder.invokeSpecial(java.lang.Object, java.lang.Object, java.lang.Object, java.lang.Object, java.lang.Object, java.lang.Object, java.lang.Object)'> (0x0000000098615340) 
thrown [s\open\src\hotspot\share\interpreter\linkResolver.cpp, line 773]

ZGC Phase Switch (0 events):
No events

VM Operations (20 events):
Event: 1.611 Executing VM operation: HandshakeAllThreads (Deoptimize)
Event: 1.611 Executing VM operation: HandshakeAllThreads (Deoptimize) done
Event: 1.751 Executing VM operation: HandshakeAllThreads (Deoptimize)
Event: 1.751 Executing VM operation: HandshakeAllThreads (Deoptimize) done
Event: 2.065 Executing VM operation: HandshakeAllThreads (Deoptimize)
Event: 2.066 Executing VM operation: HandshakeAllThreads (Deoptimize) done
Event: 2.190 Executing VM operation: HandshakeAllThreads (Deoptimize)
Event: 2.190 Executing VM operation: HandshakeAllThreads (Deoptimize) done
Event: 2.206 Executing VM operation: HandshakeAllThreads (Deoptimize)
Event: 2.206 Executing VM operation: HandshakeAllThreads (Deoptimize) done
Event: 2.271 Executing VM operation: HandshakeAllThreads (Deoptimize)
Event: 2.271 Executing VM operation: HandshakeAllThreads (Deoptimize) done
Event: 2.304 Executing VM operation: G1CollectForAllocation (G1 Evacuation Pause)
Event: 2.312 Executing VM operation: G1CollectForAllocation (G1 Evacuation Pause) done
Event: 3.320 Executing VM operation: Cleanup
Event: 3.320 Executing VM operation: Cleanup done
Event: 3.807 Executing VM operation: HandshakeAllThreads (Deoptimize)
Event: 3.807 Executing VM operation: HandshakeAllThreads (Deoptimize) done
Event: 3.812 Executing VM operation: HandshakeAllThreads (Deoptimize)
Event: 3.812 Executing VM operation: HandshakeAllThreads (Deoptimize) done

Events (20 events):
Event: 0.105 Thread 0x000001c9cf7f12c0 Thread added: 0x000001c9cf7f12c0
Event: 0.106 Thread 0x000001c9cf7f26b0 Thread added: 0x000001c9cf7f26b0
Event: 0.261 Thread 0x000001c9cf7edcb0 Thread added: 0x000001c9cf7edcb0
Event: 0.267 Thread 0x000001c9cf7ebbe0 Thread added: 0x000001c9cf7ebbe0
Event: 0.451 Thread 0x000001c9cfb9d930 Thread added: 0x000001c9cfb9d930
Event: 0.767 Thread 0x000001c9cf7ee9d0 Thread added: 0x000001c9cf7ee9d0
Event: 1.311 Thread 0x000001c9cf7ee9d0 Thread exited: 0x000001c9cf7ee9d0
Event: 1.314 Thread 0x000001c9cfb9d930 Thread exited: 0x000001c9cfb9d930
Event: 1.430 Thread 0x000001c9cf7ec900 Thread added: 0x000001c9cf7ec900
Event: 1.967 Thread 0x000001c9cf7ec270 Thread added: 0x000001c9cf7ec270
Event: 2.063 Thread 0x000001c9cf7ed620 Thread added: 0x000001c9cf7ed620
Event: 2.067 Thread 0x000001c9cf7eb550 Thread added: 0x000001c9cf7eb550
Event: 2.068 Thread 0x000001ca15b6f240 Thread added: 0x000001ca15b6f240
Event: 2.078 Thread 0x000001ca15b6ebb0 Thread added: 0x000001ca15b6ebb0
Event: 2.190 Thread 0x000001ca15b705f0 Thread added: 0x000001ca15b705f0
Event: 2.217 Thread 0x000001ca157e03e0 Thread added: 0x000001ca157e03e0
Event: 2.459 Thread 0x000001ca15b72d50 Thread added: 0x000001ca15b72d50
Event: 2.529 Thread 0x000001ca15b6f8d0 Thread added: 0x000001ca15b6f8d0
Event: 2.530 Thread 0x000001ca15b73a70 Thread added: 0x000001ca15b73a70
Event: 3.806 Thread 0x000001ca157e03e0 Thread exited: 0x000001ca157e03e0


Dynamic libraries:
0x00007ff6a31e0000 - 0x00007ff6a31f0000 	C:\Program Files\Java\jdk-21\bin\javaw.exe
0x00007ff94d030000 - 0x00007ff94d227000 	C:\WINDOWS\SYSTEM32\ntdll.dll
0x00007ff94bc90000 - 0x00007ff94bd4d000 	C:\WINDOWS\System32\KERNEL32.DLL
0x00007ff94a910000 - 0x00007ff94ac06000 	C:\WINDOWS\System32\KERNELBASE.dll
0x00007ff94a7a0000 - 0x00007ff94a8a0000 	C:\WINDOWS\System32\ucrtbase.dll
0x00007ff942ad0000 - 0x00007ff942ae9000 	C:\Program Files\Java\jdk-21\bin\jli.dll
0x00007ff94ce70000 - 0x00007ff94cf1e000 	C:\WINDOWS\System32\ADVAPI32.dll
0x00007ff94b590000 - 0x00007ff94b62e000 	C:\WINDOWS\System32\msvcrt.dll
0x00007ff94cf20000 - 0x00007ff94cfbc000 	C:\WINDOWS\System32\sechost.dll
0x00007ff94c9f0000 - 0x00007ff94cb16000 	C:\WINDOWS\System32\RPCRT4.dll
0x00007ff94cbf0000 - 0x00007ff94cd8e000 	C:\WINDOWS\System32\USER32.dll
0x00007ff94af80000 - 0x00007ff94afa2000 	C:\WINDOWS\System32\win32u.dll
0x00007ff94bd50000 - 0x00007ff94bd7c000 	C:\WINDOWS\System32\GDI32.dll
0x00007ff94b000000 - 0x00007ff94b11a000 	C:\WINDOWS\System32\gdi32full.dll
0x00007ff94aee0000 - 0x00007ff94af7d000 	C:\WINDOWS\System32\msvcp_win.dll
0x00007ff943bc0000 - 0x00007ff943bdb000 	C:\Program Files\Java\jdk-21\bin\VCRUNTIME140.dll
0x00007ff93a3f0000 - 0x00007ff93a68a000 	C:\WINDOWS\WinSxS\amd64_microsoft.windows.common-controls_6595b64144ccf1df_6.0.19041.3570_none_60bb2a3971f3e41a\COMCTL32.dll
0x00007ff937e60000 - 0x00007ff937e6a000 	C:\WINDOWS\SYSTEM32\VERSION.dll
0x00007ff94cfc0000 - 0x00007ff94cff0000 	C:\WINDOWS\System32\IMM32.DLL
0x00007ff9461b0000 - 0x00007ff9461bc000 	C:\Program Files\Java\jdk-21\bin\vcruntime140_1.dll
0x00007ff93aef0000 - 0x00007ff93af7e000 	C:\Program Files\Java\jdk-21\bin\msvcp140.dll
0x00007ff917d40000 - 0x00007ff918a55000 	C:\Program Files\Java\jdk-21\bin\server\jvm.dll
0x00007ff94cb20000 - 0x00007ff94cb8b000 	C:\WINDOWS\System32\WS2_32.dll
0x00007ff94a600000 - 0x00007ff94a64b000 	C:\WINDOWS\SYSTEM32\POWRPROF.dll
0x00007ff937550000 - 0x00007ff937577000 	C:\WINDOWS\SYSTEM32\WINMM.dll
0x00007ff94a5e0000 - 0x00007ff94a5f2000 	C:\WINDOWS\SYSTEM32\UMPDC.dll
0x00007ff948fd0000 - 0x00007ff948fe2000 	C:\WINDOWS\SYSTEM32\kernel.appcore.dll
0x00007ff945830000 - 0x00007ff94583a000 	C:\Program Files\Java\jdk-21\bin\jimage.dll
0x00007ff948ca0000 - 0x00007ff948e84000 	C:\WINDOWS\SYSTEM32\DBGHELP.DLL
0x00007ff9351a0000 - 0x00007ff9351d4000 	C:\WINDOWS\SYSTEM32\dbgcore.DLL
0x00007ff94ae50000 - 0x00007ff94aed2000 	C:\WINDOWS\System32\bcryptPrimitives.dll
0x00007ff941d60000 - 0x00007ff941d7f000 	C:\Program Files\Java\jdk-21\bin\java.dll
0x00007ff94c000000 - 0x00007ff94c744000 	C:\WINDOWS\System32\SHELL32.dll
0x00007ff948430000 - 0x00007ff948bcb000 	C:\WINDOWS\SYSTEM32\windows.storage.dll
0x00007ff94b7d0000 - 0x00007ff94bb24000 	C:\WINDOWS\System32\combase.dll
0x00007ff94a110000 - 0x00007ff94a13d000 	C:\WINDOWS\SYSTEM32\Wldp.dll
0x00007ff94bbe0000 - 0x00007ff94bc8d000 	C:\WINDOWS\System32\SHCORE.dll
0x00007ff94c900000 - 0x00007ff94c955000 	C:\WINDOWS\System32\shlwapi.dll
0x00007ff94a6d0000 - 0x00007ff94a6f5000 	C:\WINDOWS\SYSTEM32\profapi.dll
0x00007ff931fa0000 - 0x00007ff932077000 	C:\Program Files\Java\jdk-21\bin\jsvml.dll
0x00007ff944160000 - 0x00007ff944170000 	C:\Program Files\Java\jdk-21\bin\net.dll
0x00007ff93be00000 - 0x00007ff93bf0a000 	C:\WINDOWS\SYSTEM32\WINHTTP.dll
0x00007ff949e70000 - 0x00007ff949eda000 	C:\WINDOWS\system32\mswsock.dll
0x00007ff93d6f0000 - 0x00007ff93d706000 	C:\Program Files\Java\jdk-21\bin\nio.dll
0x00007ff93d6d0000 - 0x00007ff93d6e8000 	C:\Program Files\Java\jdk-21\bin\zip.dll
0x00007ff9425c0000 - 0x00007ff9425c7000 	C:\Program Files\Java\jdk-21\bin\extnet.dll
0x00007ff949ba0000 - 0x00007ff949c6a000 	C:\WINDOWS\SYSTEM32\DNSAPI.dll
0x00007ff949b60000 - 0x00007ff949b9b000 	C:\WINDOWS\SYSTEM32\IPHLPAPI.DLL
0x00007ff94c960000 - 0x00007ff94c968000 	C:\WINDOWS\System32\NSI.dll
0x00007ff9394f0000 - 0x00007ff9394fa000 	C:\Windows\System32\rasadhlp.dll
0x00007ff9387c0000 - 0x00007ff938842000 	C:\WINDOWS\System32\fwpuclnt.dll
0x00007ff94ad70000 - 0x00007ff94ad97000 	C:\WINDOWS\System32\bcrypt.dll
0x00007ff942cd0000 - 0x00007ff942cde000 	C:\Program Files\Java\jdk-21\bin\sunmscapi.dll
0x00007ff94ac10000 - 0x00007ff94ad6d000 	C:\WINDOWS\System32\CRYPT32.dll
0x00007ff94a180000 - 0x00007ff94a1a7000 	C:\WINDOWS\SYSTEM32\ncrypt.dll
0x00007ff94a140000 - 0x00007ff94a17b000 	C:\WINDOWS\SYSTEM32\NTASN1.dll
0x00007ff94a060000 - 0x00007ff94a078000 	C:\WINDOWS\SYSTEM32\CRYPTSP.dll
0x00007ff949780000 - 0x00007ff9497b4000 	C:\WINDOWS\system32\rsaenh.dll
0x00007ff94a690000 - 0x00007ff94a6be000 	C:\WINDOWS\SYSTEM32\USERENV.dll
0x00007ff94a080000 - 0x00007ff94a08c000 	C:\WINDOWS\SYSTEM32\CRYPTBASE.dll
0x00007ff93d320000 - 0x00007ff93d327000 	C:\WINDOWS\system32\wshunix.dll

dbghelp: loaded successfully - version: 4.0.5 - missing functions: none
symbol engine: initialized successfully - sym options: 0x614 - pdb path: .;C:\Program Files\Java\jdk-21\bin;C:\WINDOWS\SYSTEM32;C:\WINDOWS\WinSxS\amd64_microsoft.windows.common-controls_6595b64144ccf1df_6.0.19041.3570_none_60bb2a3971f3e41a;C:\Program Files\Java\jdk-21\bin\server

VM Arguments:
jvm_args: -Dfile.encoding=UTF-8 -Dstdout.encoding=UTF-8 -Dstderr.encoding=UTF-8 -XX:+ShowCodeDetailsInExceptionMessages 
java_command: seleniumscripts.AutomatingAmazon
java_class_path (initial): C:\Users\Sai\eclipse-workspace\Selenium_Workspace\Selenium_Basics\target\test-classes;C:\Users\Sai\eclipse-workspace\Selenium_Workspace\Selenium_Basics\target\classes;C:\Users\Sai\.p2\pool\plugins\org.junit_4.13.2.v20230809-1000.jar;C:\Users\Sai\.p2\pool\plugins\org.hamcrest_2.2.0.jar;C:\Users\Sai\.p2\pool\plugins\org.hamcrest.core_2.2.0.v20230809-1000.jar;C:\Users\Sai\Downloads\mysql-connector-j-8.2.0.jar;C:\Users\Sai\.m2\repository\org\seleniumhq\selenium\selenium-java\4.15.0\selenium-java-4.15.0.jar;C:\Users\Sai\.m2\repository\org\seleniumhq\selenium\selenium-api\4.15.0\selenium-api-4.15.0.jar;C:\Users\Sai\.m2\repository\org\seleniumhq\selenium\selenium-chrome-driver\4.15.0\selenium-chrome-driver-4.15.0.jar;C:\Users\Sai\.m2\repository\com\google\auto\service\auto-service-annotations\1.1.1\auto-service-annotations-1.1.1.jar;C:\Users\Sai\.m2\repository\org\seleniumhq\selenium\selenium-chromium-driver\4.15.0\selenium-chromium-driver-4.15.0.jar;C:\Users\Sai\.m2\repository\org\seleniumhq\selenium\selenium-json\4.15.0\selenium-json-4.15.0.jar;C:\Users\Sai\.m2\repository\org\seleniumhq\selenium\selenium-manager\4.15.0\selenium-manager-4.15.0.jar;C:\Users\Sai\.m2\repository\org\seleniumhq\selenium\selenium-devtools-v117\4.15.0\selenium-devtools-v117-4.15.0.jar;C:\Users\Sai\.m2\repository\org\seleniumhq\selenium\selenium-devtools-v118\4.15.0\selenium-devtools-v118-4.15.0.jar;C:\Users\Sai\.m2\repository\org\seleniumhq\selenium\selenium-devtools-v119\4.15.0\selenium-devtools-v119-4.15.0.jar;C:\Users\Sai\.m2\repository\org\seleniumhq\selenium\selenium-devtools-v85\4.15.0\selenium-devtools-v85-4.15.0.jar;C:\Users\Sai\.m2\repository\org\seleniumhq\selenium\selenium-edge-driver\4.15.0\selenium-edge-driver-4.15.0.jar;C:\Users\Sai\.m2\repository\org\seleniumhq\selenium\selenium-firefox-driver\4.15.0\selenium-firefox-driver-4.15.0.jar;C:\Users\Sai\.m2\repository\org\seleniumhq\selenium\selenium-http\4.15.0\selenium-http-4.15.0.jar;C:\Users\Sai\.m2\repository\dev\failsafe\failsafe\3.3.2\failsafe-3.3.2.jar;C:\Users\Sai\.m2\repository\org\seleniumhq\selenium\selenium-ie-driver\4.15.0\selenium-ie-driver-4.15.0.jar;C:\Users\Sai\.m2\repository\org\seleniumhq\selenium\selenium-remote-driver\4.15.0\selenium-remote-driver-4.15.0.jar;C:\Users\Sai\.m2\repository\com\google\guava\guava\32.1.2-jre\guava-32.1.2-jre.jar;C:\Users\Sai\.m2\repository\com\google\guava\failureaccess\1.0.1\failureaccess-1.0.1.jar;C:\Users\Sai\.m2\repository\com\google\guava\listenablefuture\9999.0-empty-to-avoid-conflict-with-guava\listenablefuture-9999.0-empty-to-avoid-conflict-with-guava.jar;C:\Users\Sai\.m2\repository\com\google\code\findbugs\jsr305\3.0.2\jsr305-3.0.2.jar;C:\Users\Sai\.m2\repository\org\checkerframework\checker-qual\3.33.0\checker-qual-3.33.0.jar;C:\Users\Sai\.m2\repository\com\google\errorprone\error_prone_annotations\2.18.0\error_prone_annotations-2.18.0.jar;C:\Users\Sai\.m2\repository\com\google\j2objc\j2objc-annotations\2.8\j2objc-annotations-2.8.jar;C:\Users\Sai\.m2\repository\io\opentelemetry\opentelemetry-api\1.28.0\opentelemetry-api-1.28.0.jar;C:\Users\Sai\.m2\repository\io\opentelemetry\opentelemetry-context\1.28.0\opentelemetry-context-1.28.0.jar;C:\Users\Sai\.m2\repository\io\opentelemetry\opentelemetry-exporter-logging\1.28.0\opentelemetry-exporter-logging-1.28.0.jar;C:\Users\Sai\.m2\repository\io\opentelemetry\opentelemetry-sdk-metrics\1.28.0\opentelemetry-sdk-metrics-1.28.0.jar;C:\Users\Sai\.m2\repository\io\opentelemetry\opentelemetry-extension-incubator\1.28.0-alpha\opentelemetry-extension-incubator-1.28.0-alpha.jar;C:\Users\Sai\.m2\repository\io\opentelemetry\opentelemetry-sdk-logs\1.28.0\opentelemetry-sdk-logs-1.28.0.jar;C:\Users\Sai\.m2\repository\io\opentelemetry\opentelemetry-sdk-common\1.28.0\opentelemetry-sdk-common-1.28.0.jar;C:\Users\Sai\.m2\repository\io\opentelemetry\opentelemetry-sdk-extension-autoconfigure-spi\1.28.0\opentelemetry-sdk-extension-autoconfigure-spi-1.28.0.jar;C:\Users\Sai\.m2\repository\io\opentelemetry\opentelemetry-sdk-extension-autoconfigure\1.28.0\opentelemetry-sdk-extension-autoconfigure-1.28.0.jar;C:\Users\Sai\.m2\repository\io\opentelemetry\opentelemetry-api-events\1.28.0-alpha\opentelemetry-api-events-1.28.0-alpha.jar;C:\Users\Sai\.m2\repository\io\opentelemetry\opentelemetry-sdk-trace\1.28.0\opentelemetry-sdk-trace-1.28.0.jar;C:\Users\Sai\.m2\repository\io\opentelemetry\opentelemetry-sdk\1.28.0\opentelemetry-sdk-1.28.0.jar;C:\Users\Sai\.m2\repository\io\opentelemetry\opentelemetry-semconv\1.28.0-alpha\opentelemetry-semconv-1.28.0-alpha.jar;C:\Users\Sai\.m2\repository\net\bytebuddy\byte-buddy\1.14.5\byte-buddy-1.14.5.jar;C:\Users\Sai\.m2\repository\org\seleniumhq\selenium\selenium-os\4.15.0\selenium-os-4.15.0.jar;C:\Users\Sai\.m2\repository\org\apache\commons\commons-exec\1.3\commons-exec-1.3.jar;C:\Users\Sai\.m2\repository\org\seleniumhq\selenium\selenium-safari-driver\4.15.0\selenium-safari-driver-4.15.0.jar;C:\Users\Sai\.m2\repository\org\seleniumhq\selenium\selenium-support\4.15.0\selenium-support-4.15.0.jar;C:\Users\Sai\.m2\repository\io\github\bonigarcia\webdrivermanager\5.6.1\webdrivermanager-5.6.1.jar;C:\Users\Sai\.m2\repository\org\slf4j\slf4j-api\2.0.9\slf4j-api-2.0.9.jar;C:\Users\Sai\.m2\repository\com\google\code\gson\gson\2.10.1\gson-2.10.1.jar;C:\Users\Sai\.m2\repository\com\github\docker-java\docker-java\3.3.4\docker-java-3.3.4.jar;C:\Users\Sai\.m2\repository\com\github\docker-java\docker-java-core\3.3.4\docker-java-core-3.3.4.jar;C:\Users\Sai\.m2\repository\com\github\docker-java\docker-java-api\3.3.4\docker-java-api-3.3.4.jar;C:\Users\Sai\.m2\repository\com\fasterxml\jackson\core\jackson-annotations\2.10.3\jackson-annotations-2.10.3.jar;C:\Users\Sai\.m2\repository\commons-io\commons-io\2.13.0\commons-io-2.13.0.jar;C:\Users\Sai\.m2\repository\com\fasterxml\jackson\core\jackson-databind\2.10.3\jackson-databind-2.10.3.jar;C:\Users\Sai\.m2\repository\com\fasterxml\jackson\core\jackson-core\2.10.3\jackson-core-2.10.3.jar;C:\Users\Sai\.m2\repository\org\bouncycastle\bcpkix-jdk18on\1.76\bcpkix-jdk18on-1.76.jar;C:\Users\Sai\.m2\repository\org\bouncycastle\bcprov-jdk18on\1.76\bcprov-jdk18on-1.76.jar;C:\Users\Sai\.m2\repository\org\bouncycastle\bcutil-jdk18on\1.76\bcutil-jdk18on-1.76.jar;C:\Users\Sai\.m2\repository\org\slf4j\jcl-over-slf4j\1.7.30\jcl-over-slf4j-1.7.30.jar;C:\Users\Sai\.m2\repository\com\github\docker-java\docker-java-transport-httpclient5\3.3.4\docker-java-transport-httpclient5-3.3.4.jar;C:\Users\Sai\.m2\repository\com\github\docker-java\docker-java-transport\3.3.4\docker-java-transport-3.3.4.jar;C:\Users\Sai\.m2\repository\net\java\dev\jna\jna\5.13.0\jna-5.13.0.jar;C:\Users\Sai\.m2\repository\org\brotli\dec\0.1.2\dec-0.1.2.jar;C:\Users\Sai\.m2\repository\org\apache\commons\commons-lang3\3.13.0\commons-lang3-3.13.0.jar;C:\Users\Sai\.m2\repository\org\apache\commons\commons-compress\1.24.0\commons-compress-1.24.0.jar;C:\Users\Sai\.m2\repository\org\apache\httpcomponents\client5\httpclient5\5.2.1\httpclient5-5.2.1.jar;C:\Users\Sai\.m2\repository\org\apache\httpcomponents\core5\httpcore5\5.2\httpcore5-5.2.jar;C:\Users\Sai\.m2\repository\org\apache\httpcomponents\core5\httpcore5-h2\5.2\httpcore5-h2-5.2.jar
Launcher Type: SUN_STANDARD

[Global flags]
     intx CICompilerCount                          = 3                                         {product} {ergonomic}
     uint ConcGCThreads                            = 1                                         {product} {ergonomic}
     uint G1ConcRefinementThreads                  = 4                                         {product} {ergonomic}
   size_t G1HeapRegionSize                         = 1048576                                   {product} {ergonomic}
    uintx GCDrainStackTargetSize                   = 64                                        {product} {ergonomic}
   size_t InitialHeapSize                          = 117440512                                 {product} {ergonomic}
   size_t MarkStackSize                            = 4194304                                   {product} {ergonomic}
   size_t MaxHeapSize                              = 1849688064                                {product} {ergonomic}
   size_t MaxNewSize                               = 1109393408                                {product} {ergonomic}
   size_t MinHeapDeltaBytes                        = 1048576                                   {product} {ergonomic}
   size_t MinHeapSize                              = 8388608                                   {product} {ergonomic}
    uintx NonNMethodCodeHeapSize                   = 5832780                                {pd product} {ergonomic}
    uintx NonProfiledCodeHeapSize                  = 122912730                              {pd product} {ergonomic}
    uintx ProfiledCodeHeapSize                     = 122912730                              {pd product} {ergonomic}
    uintx ReservedCodeCacheSize                    = 251658240                              {pd product} {ergonomic}
     bool SegmentedCodeCache                       = true                                      {product} {ergonomic}
     bool ShowCodeDetailsInExceptionMessages       = true                                   {manageable} {command line}
   size_t SoftMaxHeapSize                          = 1849688064                             {manageable} {ergonomic}
     bool UseCompressedOops                        = true                           {product lp64_product} {ergonomic}
     bool UseG1GC                                  = true                                      {product} {ergonomic}
     bool UseLargePagesIndividualAllocation        = false                                  {pd product} {ergonomic}

Logging:
Log output configuration:
 #0: stdout all=warning uptime,level,tags foldmultilines=false
 #1: stderr all=off uptime,level,tags foldmultilines=false

Environment Variables:
JAVA_HOME=C:\Program Files\Java\jdk-21
PATH=C:\Program Files\Common Files\Oracle\Java\javapath;C:\Program Files (x86)\Common Files\Oracle\Java\javapath;C:\WINDOWS\system32;C:\WINDOWS;C:\WINDOWS\System32\Wbem;C:\WINDOWS\System32\WindowsPowerShell\v1.0\;C:\WINDOWS\System32\OpenSSH\;C:\Program Files\MySQL\MySQL Server 5.5\bin;C:\Program Files\Git\cmd;C:\Program Files\MySQL\MySQL Shell 8.0\bin\;C:\Program Files\Java\jdk-17.0.2\bin;C:\Users\Sai\AppData\Local\Microsoft\WindowsApps;
USERNAME=Sai
OS=Windows_NT
PROCESSOR_IDENTIFIER=Intel64 Family 6 Model 78 Stepping 3, GenuineIntel
TMP=C:\Users\Sai\AppData\Local\Temp
TEMP=C:\Users\Sai\AppData\Local\Temp




Periodic native trim disabled

---------------  S Y S T E M  ---------------

OS:
 Windows 10 , 64 bit Build 19041 (10.0.19041.3570)
OS uptime: 11 days 6:37 hours

CPU: total 4 (initial active 4) (2 cores per cpu, 2 threads per core) family 6 model 78 stepping 3 microcode 0xcc, cx8, cmov, fxsr, ht, mmx, 3dnowpref, sse, sse2, sse3, ssse3, sse4.1, sse4.2, popcnt, lzcnt, tsc, tscinvbit, avx, avx2, aes, erms, clmul, bmi1, bmi2, adx, fma, vzeroupper, clflush, clflushopt, rdtscp, f16c
Processor Information for all 4 processors :
  Max Mhz: 2000, Current Mhz: 2000, Mhz Limit: 2000

Memory: 4k page, system-wide physical 7050M (628M free)
TotalPageFile size 19948M (AvailPageFile size 3M)
current process WorkingSet (physical memory assigned to process): 97M, peak: 98M
current process commit charge ("private bytes"): 218M, peak: 219M

vm_info: Java HotSpot(TM) 64-Bit Server VM (21.0.1+12-LTS-29) for windows-amd64 JRE (21.0.1+12-LTS-29), built on 2023-10-05T13:27:09Z by "mach5one" with MS VC++ 17.1 (VS2022)

END.
