#
# There is insufficient memory for the Java Runtime Environment to continue.
# Native memory allocation (malloc) failed to allocate 566384 bytes for Chunk::new
# Possible reasons:
#   The system is out of physical RAM or swap space
#   The process is running with CompressedOops enabled, and the Java Heap may be blocking the growth of the native heap
# Possible solutions:
#   Reduce memory load on the system
#   Increase physical memory or swap space
#   Check if swap backing store is full
#   Decrease Java heap size (-Xmx/-Xms)
#   Decrease number of Java threads
#   Decrease Java thread stack sizes (-Xss)
#   Set larger code cache with -XX:ReservedCodeCacheSize=
#   JVM is running with Unscaled Compressed Oops mode in which the Java heap is
#     placed in the first 4GB address space. The Java Heap base address is the
#     maximum limit for the native heap growth. Please use -XX:HeapBaseMinAddress
#     to set the Java Heap base and to place the Java Heap above 4GB virtual address.
# This output file may be truncated or incomplete.
#
#  Out of Memory Error (arena.cpp:168), pid=30232, tid=27640
#
# JRE version: Java(TM) SE Runtime Environment (21.0.1+12) (build 21.0.1+12-LTS-29)
# Java VM: Java HotSpot(TM) 64-Bit Server VM (21.0.1+12-LTS-29, mixed mode, sharing, tiered, compressed oops, compressed class ptrs, g1 gc, windows-amd64)
# No core dump will be written. Minidumps are not enabled by default on client versions of Windows
#

---------------  S U M M A R Y ------------

Command Line: -Dfile.encoding=UTF-8 -Dstdout.encoding=UTF-8 -Dstderr.encoding=UTF-8 -XX:+ShowCodeDetailsInExceptionMessages seleniumscripts.AutomatingAmazon

Host: Intel(R) Core(TM) i3-6006U CPU @ 2.00GHz, 4 cores, 6G,  Windows 10 , 64 bit Build 19041 (10.0.19041.3570)
Time: Fri Nov 10 06:49:03 2023 India Standard Time elapsed time: 3.187697 seconds (0d 0h 0m 3s)

---------------  T H R E A D  ---------------

Current thread (0x000002a2f9819690):  JavaThread "C2 CompilerThread0" daemon [_thread_in_native, id=27640, stack(0x000000d6ef600000,0x000000d6ef700000) (1024K)]


Current CompileTask:
C2:   3187 1543       4       java.util.jar.JarFile::getEntry (35 bytes)

Stack: [0x000000d6ef600000,0x000000d6ef700000]
Native frames: (J=compiled Java code, j=interpreted, Vv=VM code, C=native code)
V  [jvm.dll+0x6c9029]
V  [jvm.dll+0x854b81]
V  [jvm.dll+0x856e5e]
V  [jvm.dll+0x857543]
V  [jvm.dll+0x280c06]
V  [jvm.dll+0xc3ead]
V  [jvm.dll+0xc43c3]
V  [jvm.dll+0x3b576c]
V  [jvm.dll+0x1e20b9]
V  [jvm.dll+0x249c22]
V  [jvm.dll+0x2490b1]
V  [jvm.dll+0x1c9ca1]
V  [jvm.dll+0x2586b9]
V  [jvm.dll+0x256c9a]
V  [jvm.dll+0x3ef1b6]
V  [jvm.dll+0x7fd728]
V  [jvm.dll+0x6c777d]
C  [ucrtbase.dll+0x21bb2]
C  [KERNEL32.DLL+0x17344]
C  [ntdll.dll+0x526b1]


---------------  P R O C E S S  ---------------

Threads class SMR info:
_java_thread_list=0x000002a2f9a7b230, length=21, elements={
0x000002a2ddc4d960, 0x000002a2f97e86e0, 0x000002a2f97e9f50, 0x000002a2f97f4bc0,
0x000002a2f9815d90, 0x000002a2f9817550, 0x000002a2f9817fb0, 0x000002a2f9819690,
0x000002a2f9836390, 0x000002a2f9a73320, 0x000002a2f9a7d390, 0x000002a2fe413b00,
0x000002a2fec0cb10, 0x000002a2fec37380, 0x000002a2fec895b0, 0x000002a2fec379f0,
0x000002a2fec83b00, 0x000002a2fec8de40, 0x000002a2fef94c10, 0x000002a2fedd0c30,
0x000002a2fef93ef0
}

Java Threads: ( => current thread )
  0x000002a2ddc4d960 JavaThread "Forwarding newSession on session null to remote"        [_thread_blocked, id=18860, stack(0x000000d6ee800000,0x000000d6ee900000) (1024K)]
  0x000002a2f97e86e0 JavaThread "Reference Handler"          daemon [_thread_blocked, id=17988, stack(0x000000d6ef000000,0x000000d6ef100000) (1024K)]
  0x000002a2f97e9f50 JavaThread "Finalizer"                  daemon [_thread_blocked, id=10276, stack(0x000000d6ef100000,0x000000d6ef200000) (1024K)]
  0x000002a2f97f4bc0 JavaThread "Signal Dispatcher"          daemon [_thread_blocked, id=27028, stack(0x000000d6ef200000,0x000000d6ef300000) (1024K)]
  0x000002a2f9815d90 JavaThread "Attach Listener"            daemon [_thread_blocked, id=1224, stack(0x000000d6ef300000,0x000000d6ef400000) (1024K)]
  0x000002a2f9817550 JavaThread "Service Thread"             daemon [_thread_blocked, id=31244, stack(0x000000d6ef400000,0x000000d6ef500000) (1024K)]
  0x000002a2f9817fb0 JavaThread "Monitor Deflation Thread"   daemon [_thread_blocked, id=16392, stack(0x000000d6ef500000,0x000000d6ef600000) (1024K)]
=>0x000002a2f9819690 JavaThread "C2 CompilerThread0"         daemon [_thread_in_native, id=27640, stack(0x000000d6ef600000,0x000000d6ef700000) (1024K)]
  0x000002a2f9836390 JavaThread "C1 CompilerThread0"         daemon [_thread_in_native, id=29168, stack(0x000000d6ef700000,0x000000d6ef800000) (1024K)]
  0x000002a2f9a73320 JavaThread "Notification Thread"        daemon [_thread_blocked, id=32952, stack(0x000000d6ef800000,0x000000d6ef900000) (1024K)]
  0x63656a624f2f676e 
[error occurred during error reporting (printing all threads), id 0xc0000005, EXCEPTION_ACCESS_VIOLATION (0xc0000005) at pc=0x00007ff918547bac]
VM state: not at safepoint (normal execution)

VM Mutex/Monitor currently owned by a thread: None

Heap address: 0x0000000091c00000, size: 1764 MB, Compressed Oops mode: 32-bit

CDS archive(s) mapped at: [0x000002a280000000-0x000002a280c90000-0x000002a280c90000), size 13172736, SharedBaseAddress: 0x000002a280000000, ArchiveRelocationMode: 1.
Compressed class space mapped at: 0x000002a281000000-0x000002a2c1000000, reserved size: 1073741824
Narrow klass base: 0x000002a280000000, Narrow klass shift: 0, Narrow klass range: 0x100000000

GC Precious Log:
 CardTable entry size: 512
 Card Set container configuration: InlinePtr #cards 5 size 8 Array Of Cards #cards 12 size 40 Howl #buckets 4 coarsen threshold 1843 Howl Bitmap #cards 512 size 80 coarsen threshold 460 Card regions per heap region 1 cards per card region 2048
 CPUs: 4 total, 4 available
 Memory: 7050M
 Large Page Support: Disabled
 NUMA Support: Disabled
 Compressed Oops: Enabled (32-bit)
 Heap Region Size: 1M
 Heap Min Capacity: 8M
 Heap Initial Capacity: 112M
 Heap Max Capacity: 1764M
 Pre-touch: Disabled
 Parallel Workers: 4
 Concurrent Workers: 1
 Concurrent Refinement Workers: 4
 Periodic GC: Disabled

Heap:
 garbage-first heap   total 114688K, used 11570K [0x0000000091c00000, 0x0000000100000000)
  region size 1024K, 7 young (7168K), 2 survivors (2048K)
 Metaspace       used 11598K, committed 11968K, reserved 1114112K
  class space    used 1375K, committed 1536K, reserved 1048576K

Heap Regions: E=young(eden), S=young(survivor), O=old, HS=humongous(starts), HC=humongous(continues), CS=collection set, F=free, TAMS=top-at-mark-start, PB=parsable bottom
|   0|0x0000000091c00000, 0x0000000091d00000, 0x0000000091d00000|100%|HS|  |TAMS 0x0000000091c00000| PB 0x0000000091c00000| Complete 
|   1|0x0000000091d00000, 0x0000000091e00000, 0x0000000091e00000|100%| O|  |TAMS 0x0000000091d00000| PB 0x0000000091d00000| Untracked 
|   2|0x0000000091e00000, 0x0000000091f00000, 0x0000000091f00000|100%| O|  |TAMS 0x0000000091e00000| PB 0x0000000091e00000| Untracked 
|   3|0x0000000091f00000, 0x0000000092000000, 0x0000000092000000|100%| O|  |TAMS 0x0000000091f00000| PB 0x0000000091f00000| Untracked 
|   4|0x0000000092000000, 0x0000000092100000, 0x0000000092100000|100%| O|  |TAMS 0x0000000092000000| PB 0x0000000092000000| Untracked 
|   5|0x0000000092100000, 0x000000009214c9a8, 0x0000000092200000| 29%| O|  |TAMS 0x0000000092100000| PB 0x0000000092100000| Untracked 
|   6|0x0000000092200000, 0x0000000092200000, 0x0000000092300000|  0%| F|  |TAMS 0x0000000092200000| PB 0x0000000092200000| Untracked 
|   7|0x0000000092300000, 0x0000000092300000, 0x0000000092400000|  0%| F|  |TAMS 0x0000000092300000| PB 0x0000000092300000| Untracked 
|   8|0x0000000092400000, 0x0000000092400000, 0x0000000092500000|  0%| F|  |TAMS 0x0000000092400000| PB 0x0000000092400000| Untracked 
|   9|0x0000000092500000, 0x0000000092500000, 0x0000000092600000|  0%| F|  |TAMS 0x0000000092500000| PB 0x0000000092500000| Untracked 
|  10|0x0000000092600000, 0x0000000092600000, 0x0000000092700000|  0%| F|  |TAMS 0x0000000092600000| PB 0x0000000092600000| Untracked 
|  11|0x0000000092700000, 0x0000000092700000, 0x0000000092800000|  0%| F|  |TAMS 0x0000000092700000| PB 0x0000000092700000| Untracked 
|  12|0x0000000092800000, 0x0000000092800000, 0x0000000092900000|  0%| F|  |TAMS 0x0000000092800000| PB 0x0000000092800000| Untracked 
|  13|0x0000000092900000, 0x0000000092900000, 0x0000000092a00000|  0%| F|  |TAMS 0x0000000092900000| PB 0x0000000092900000| Untracked 
|  14|0x0000000092a00000, 0x0000000092a00000, 0x0000000092b00000|  0%| F|  |TAMS 0x0000000092a00000| PB 0x0000000092a00000| Untracked 
|  15|0x0000000092b00000, 0x0000000092b00000, 0x0000000092c00000|  0%| F|  |TAMS 0x0000000092b00000| PB 0x0000000092b00000| Untracked 
|  16|0x0000000092c00000, 0x0000000092c00000, 0x0000000092d00000|  0%| F|  |TAMS 0x0000000092c00000| PB 0x0000000092c00000| Untracked 
|  17|0x0000000092d00000, 0x0000000092d00000, 0x0000000092e00000|  0%| F|  |TAMS 0x0000000092d00000| PB 0x0000000092d00000| Untracked 
|  18|0x0000000092e00000, 0x0000000092e00000, 0x0000000092f00000|  0%| F|  |TAMS 0x0000000092e00000| PB 0x0000000092e00000| Untracked 
|  19|0x0000000092f00000, 0x0000000092f00000, 0x0000000093000000|  0%| F|  |TAMS 0x0000000092f00000| PB 0x0000000092f00000| Untracked 
|  20|0x0000000093000000, 0x0000000093000000, 0x0000000093100000|  0%| F|  |TAMS 0x0000000093000000| PB 0x0000000093000000| Untracked 
|  21|0x0000000093100000, 0x0000000093100000, 0x0000000093200000|  0%| F|  |TAMS 0x0000000093100000| PB 0x0000000093100000| Untracked 
|  22|0x0000000093200000, 0x0000000093200000, 0x0000000093300000|  0%| F|  |TAMS 0x0000000093200000| PB 0x0000000093200000| Untracked 
|  23|0x0000000093300000, 0x0000000093300000, 0x0000000093400000|  0%| F|  |TAMS 0x0000000093300000| PB 0x0000000093300000| Untracked 
|  24|0x0000000093400000, 0x0000000093400000, 0x0000000093500000|  0%| F|  |TAMS 0x0000000093400000| PB 0x0000000093400000| Untracked 
|  25|0x0000000093500000, 0x0000000093500000, 0x0000000093600000|  0%| F|  |TAMS 0x0000000093500000| PB 0x0000000093500000| Untracked 
|  26|0x0000000093600000, 0x0000000093600000, 0x0000000093700000|  0%| F|  |TAMS 0x0000000093600000| PB 0x0000000093600000| Untracked 
|  27|0x0000000093700000, 0x0000000093700000, 0x0000000093800000|  0%| F|  |TAMS 0x0000000093700000| PB 0x0000000093700000| Untracked 
|  28|0x0000000093800000, 0x0000000093800000, 0x0000000093900000|  0%| F|  |TAMS 0x0000000093800000| PB 0x0000000093800000| Untracked 
|  29|0x0000000093900000, 0x0000000093900000, 0x0000000093a00000|  0%| F|  |TAMS 0x0000000093900000| PB 0x0000000093900000| Untracked 
|  30|0x0000000093a00000, 0x0000000093a00000, 0x0000000093b00000|  0%| F|  |TAMS 0x0000000093a00000| PB 0x0000000093a00000| Untracked 
|  31|0x0000000093b00000, 0x0000000093b00000, 0x0000000093c00000|  0%| F|  |TAMS 0x0000000093b00000| PB 0x0000000093b00000| Untracked 
|  32|0x0000000093c00000, 0x0000000093c00000, 0x0000000093d00000|  0%| F|  |TAMS 0x0000000093c00000| PB 0x0000000093c00000| Untracked 
|  33|0x0000000093d00000, 0x0000000093d00000, 0x0000000093e00000|  0%| F|  |TAMS 0x0000000093d00000| PB 0x0000000093d00000| Untracked 
|  34|0x0000000093e00000, 0x0000000093e00000, 0x0000000093f00000|  0%| F|  |TAMS 0x0000000093e00000| PB 0x0000000093e00000| Untracked 
|  35|0x0000000093f00000, 0x0000000093f00000, 0x0000000094000000|  0%| F|  |TAMS 0x0000000093f00000| PB 0x0000000093f00000| Untracked 
|  36|0x0000000094000000, 0x0000000094000000, 0x0000000094100000|  0%| F|  |TAMS 0x0000000094000000| PB 0x0000000094000000| Untracked 
|  37|0x0000000094100000, 0x0000000094100000, 0x0000000094200000|  0%| F|  |TAMS 0x0000000094100000| PB 0x0000000094100000| Untracked 
|  38|0x0000000094200000, 0x0000000094200000, 0x0000000094300000|  0%| F|  |TAMS 0x0000000094200000| PB 0x0000000094200000| Untracked 
|  39|0x0000000094300000, 0x0000000094300000, 0x0000000094400000|  0%| F|  |TAMS 0x0000000094300000| PB 0x0000000094300000| Untracked 
|  40|0x0000000094400000, 0x0000000094400000, 0x0000000094500000|  0%| F|  |TAMS 0x0000000094400000| PB 0x0000000094400000| Untracked 
|  41|0x0000000094500000, 0x0000000094500000, 0x0000000094600000|  0%| F|  |TAMS 0x0000000094500000| PB 0x0000000094500000| Untracked 
|  42|0x0000000094600000, 0x0000000094600000, 0x0000000094700000|  0%| F|  |TAMS 0x0000000094600000| PB 0x0000000094600000| Untracked 
|  43|0x0000000094700000, 0x0000000094700000, 0x0000000094800000|  0%| F|  |TAMS 0x0000000094700000| PB 0x0000000094700000| Untracked 
|  44|0x0000000094800000, 0x0000000094800000, 0x0000000094900000|  0%| F|  |TAMS 0x0000000094800000| PB 0x0000000094800000| Untracked 
|  45|0x0000000094900000, 0x0000000094900000, 0x0000000094a00000|  0%| F|  |TAMS 0x0000000094900000| PB 0x0000000094900000| Untracked 
|  46|0x0000000094a00000, 0x0000000094a00000, 0x0000000094b00000|  0%| F|  |TAMS 0x0000000094a00000| PB 0x0000000094a00000| Untracked 
|  47|0x0000000094b00000, 0x0000000094b00000, 0x0000000094c00000|  0%| F|  |TAMS 0x0000000094b00000| PB 0x0000000094b00000| Untracked 
|  48|0x0000000094c00000, 0x0000000094c00000, 0x0000000094d00000|  0%| F|  |TAMS 0x0000000094c00000| PB 0x0000000094c00000| Untracked 
|  49|0x0000000094d00000, 0x0000000094d00000, 0x0000000094e00000|  0%| F|  |TAMS 0x0000000094d00000| PB 0x0000000094d00000| Untracked 
|  50|0x0000000094e00000, 0x0000000094e00000, 0x0000000094f00000|  0%| F|  |TAMS 0x0000000094e00000| PB 0x0000000094e00000| Untracked 
|  51|0x0000000094f00000, 0x0000000094f00000, 0x0000000095000000|  0%| F|  |TAMS 0x0000000094f00000| PB 0x0000000094f00000| Untracked 
|  52|0x0000000095000000, 0x0000000095000000, 0x0000000095100000|  0%| F|  |TAMS 0x0000000095000000| PB 0x0000000095000000| Untracked 
|  53|0x0000000095100000, 0x0000000095100000, 0x0000000095200000|  0%| F|  |TAMS 0x0000000095100000| PB 0x0000000095100000| Untracked 
|  54|0x0000000095200000, 0x0000000095200000, 0x0000000095300000|  0%| F|  |TAMS 0x0000000095200000| PB 0x0000000095200000| Untracked 
|  55|0x0000000095300000, 0x0000000095300000, 0x0000000095400000|  0%| F|  |TAMS 0x0000000095300000| PB 0x0000000095300000| Untracked 
|  56|0x0000000095400000, 0x0000000095400000, 0x0000000095500000|  0%| F|  |TAMS 0x0000000095400000| PB 0x0000000095400000| Untracked 
|  57|0x0000000095500000, 0x0000000095500000, 0x0000000095600000|  0%| F|  |TAMS 0x0000000095500000| PB 0x0000000095500000| Untracked 
|  58|0x0000000095600000, 0x0000000095600000, 0x0000000095700000|  0%| F|  |TAMS 0x0000000095600000| PB 0x0000000095600000| Untracked 
|  59|0x0000000095700000, 0x0000000095700000, 0x0000000095800000|  0%| F|  |TAMS 0x0000000095700000| PB 0x0000000095700000| Untracked 
|  60|0x0000000095800000, 0x0000000095800000, 0x0000000095900000|  0%| F|  |TAMS 0x0000000095800000| PB 0x0000000095800000| Untracked 
|  61|0x0000000095900000, 0x0000000095900000, 0x0000000095a00000|  0%| F|  |TAMS 0x0000000095900000| PB 0x0000000095900000| Untracked 
|  62|0x0000000095a00000, 0x0000000095a00000, 0x0000000095b00000|  0%| F|  |TAMS 0x0000000095a00000| PB 0x0000000095a00000| Untracked 
|  63|0x0000000095b00000, 0x0000000095b00000, 0x0000000095c00000|  0%| F|  |TAMS 0x0000000095b00000| PB 0x0000000095b00000| Untracked 
|  64|0x0000000095c00000, 0x0000000095c00000, 0x0000000095d00000|  0%| F|  |TAMS 0x0000000095c00000| PB 0x0000000095c00000| Untracked 
|  65|0x0000000095d00000, 0x0000000095d00000, 0x0000000095e00000|  0%| F|  |TAMS 0x0000000095d00000| PB 0x0000000095d00000| Untracked 
|  66|0x0000000095e00000, 0x0000000095e00000, 0x0000000095f00000|  0%| F|  |TAMS 0x0000000095e00000| PB 0x0000000095e00000| Untracked 
|  67|0x0000000095f00000, 0x0000000095f00000, 0x0000000096000000|  0%| F|  |TAMS 0x0000000095f00000| PB 0x0000000095f00000| Untracked 
|  68|0x0000000096000000, 0x0000000096000000, 0x0000000096100000|  0%| F|  |TAMS 0x0000000096000000| PB 0x0000000096000000| Untracked 
|  69|0x0000000096100000, 0x0000000096100000, 0x0000000096200000|  0%| F|  |TAMS 0x0000000096100000| PB 0x0000000096100000| Untracked 
|  70|0x0000000096200000, 0x0000000096200000, 0x0000000096300000|  0%| F|  |TAMS 0x0000000096200000| PB 0x0000000096200000| Untracked 
|  71|0x0000000096300000, 0x0000000096300000, 0x0000000096400000|  0%| F|  |TAMS 0x0000000096300000| PB 0x0000000096300000| Untracked 
|  72|0x0000000096400000, 0x0000000096400000, 0x0000000096500000|  0%| F|  |TAMS 0x0000000096400000| PB 0x0000000096400000| Untracked 
|  73|0x0000000096500000, 0x0000000096500000, 0x0000000096600000|  0%| F|  |TAMS 0x0000000096500000| PB 0x0000000096500000| Untracked 
|  74|0x0000000096600000, 0x0000000096600000, 0x0000000096700000|  0%| F|  |TAMS 0x0000000096600000| PB 0x0000000096600000| Untracked 
|  75|0x0000000096700000, 0x0000000096700000, 0x0000000096800000|  0%| F|  |TAMS 0x0000000096700000| PB 0x0000000096700000| Untracked 
|  76|0x0000000096800000, 0x0000000096800000, 0x0000000096900000|  0%| F|  |TAMS 0x0000000096800000| PB 0x0000000096800000| Untracked 
|  77|0x0000000096900000, 0x0000000096900000, 0x0000000096a00000|  0%| F|  |TAMS 0x0000000096900000| PB 0x0000000096900000| Untracked 
|  78|0x0000000096a00000, 0x0000000096a00000, 0x0000000096b00000|  0%| F|  |TAMS 0x0000000096a00000| PB 0x0000000096a00000| Untracked 
|  79|0x0000000096b00000, 0x0000000096b00000, 0x0000000096c00000|  0%| F|  |TAMS 0x0000000096b00000| PB 0x0000000096b00000| Untracked 
|  80|0x0000000096c00000, 0x0000000096c00000, 0x0000000096d00000|  0%| F|  |TAMS 0x0000000096c00000| PB 0x0000000096c00000| Untracked 
|  81|0x0000000096d00000, 0x0000000096d00000, 0x0000000096e00000|  0%| F|  |TAMS 0x0000000096d00000| PB 0x0000000096d00000| Untracked 
|  82|0x0000000096e00000, 0x0000000096e00000, 0x0000000096f00000|  0%| F|  |TAMS 0x0000000096e00000| PB 0x0000000096e00000| Untracked 
|  83|0x0000000096f00000, 0x0000000096f00000, 0x0000000097000000|  0%| F|  |TAMS 0x0000000096f00000| PB 0x0000000096f00000| Untracked 
|  84|0x0000000097000000, 0x0000000097000000, 0x0000000097100000|  0%| F|  |TAMS 0x0000000097000000| PB 0x0000000097000000| Untracked 
|  85|0x0000000097100000, 0x0000000097100000, 0x0000000097200000|  0%| F|  |TAMS 0x0000000097100000| PB 0x0000000097100000| Untracked 
|  86|0x0000000097200000, 0x0000000097200000, 0x0000000097300000|  0%| F|  |TAMS 0x0000000097200000| PB 0x0000000097200000| Untracked 
|  87|0x0000000097300000, 0x0000000097300000, 0x0000000097400000|  0%| F|  |TAMS 0x0000000097300000| PB 0x0000000097300000| Untracked 
|  88|0x0000000097400000, 0x0000000097400000, 0x0000000097500000|  0%| F|  |TAMS 0x0000000097400000| PB 0x0000000097400000| Untracked 
|  89|0x0000000097500000, 0x0000000097500000, 0x0000000097600000|  0%| F|  |TAMS 0x0000000097500000| PB 0x0000000097500000| Untracked 
|  90|0x0000000097600000, 0x0000000097600000, 0x0000000097700000|  0%| F|  |TAMS 0x0000000097600000| PB 0x0000000097600000| Untracked 
|  91|0x0000000097700000, 0x0000000097700000, 0x0000000097800000|  0%| F|  |TAMS 0x0000000097700000| PB 0x0000000097700000| Untracked 
|  92|0x0000000097800000, 0x0000000097800000, 0x0000000097900000|  0%| F|  |TAMS 0x0000000097800000| PB 0x0000000097800000| Untracked 
|  93|0x0000000097900000, 0x0000000097900000, 0x0000000097a00000|  0%| F|  |TAMS 0x0000000097900000| PB 0x0000000097900000| Untracked 
|  94|0x0000000097a00000, 0x0000000097b00000, 0x0000000097b00000|100%| S|CS|TAMS 0x0000000097a00000| PB 0x0000000097a00000| Complete 
|  95|0x0000000097b00000, 0x0000000097c00000, 0x0000000097c00000|100%| S|CS|TAMS 0x0000000097b00000| PB 0x0000000097b00000| Complete 
|  96|0x0000000097c00000, 0x0000000097c00000, 0x0000000097d00000|  0%| F|  |TAMS 0x0000000097c00000| PB 0x0000000097c00000| Untracked 
|  97|0x0000000097d00000, 0x0000000097d00000, 0x0000000097e00000|  0%| F|  |TAMS 0x0000000097d00000| PB 0x0000000097d00000| Untracked 
|  98|0x0000000097e00000, 0x0000000097e00000, 0x0000000097f00000|  0%| F|  |TAMS 0x0000000097e00000| PB 0x0000000097e00000| Untracked 
|  99|0x0000000097f00000, 0x0000000097f00000, 0x0000000098000000|  0%| F|  |TAMS 0x0000000097f00000| PB 0x0000000097f00000| Untracked 
| 100|0x0000000098000000, 0x0000000098000000, 0x0000000098100000|  0%| F|  |TAMS 0x0000000098000000| PB 0x0000000098000000| Untracked 
| 101|0x0000000098100000, 0x0000000098100000, 0x0000000098200000|  0%| F|  |TAMS 0x0000000098100000| PB 0x0000000098100000| Untracked 
| 102|0x0000000098200000, 0x0000000098200000, 0x0000000098300000|  0%| F|  |TAMS 0x0000000098200000| PB 0x0000000098200000| Untracked 
| 103|0x0000000098300000, 0x0000000098300000, 0x0000000098400000|  0%| F|  |TAMS 0x0000000098300000| PB 0x0000000098300000| Untracked 
| 104|0x0000000098400000, 0x0000000098400000, 0x0000000098500000|  0%| F|  |TAMS 0x0000000098400000| PB 0x0000000098400000| Untracked 
| 105|0x0000000098500000, 0x0000000098500000, 0x0000000098600000|  0%| F|  |TAMS 0x0000000098500000| PB 0x0000000098500000| Untracked 
| 106|0x0000000098600000, 0x0000000098600000, 0x0000000098700000|  0%| F|  |TAMS 0x0000000098600000| PB 0x0000000098600000| Untracked 
| 107|0x0000000098700000, 0x000000009878ae80, 0x0000000098800000| 54%| E|  |TAMS 0x0000000098700000| PB 0x0000000098700000| Complete 
| 108|0x0000000098800000, 0x0000000098900000, 0x0000000098900000|100%| E|CS|TAMS 0x0000000098800000| PB 0x0000000098800000| Complete 
| 109|0x0000000098900000, 0x0000000098a00000, 0x0000000098a00000|100%| E|CS|TAMS 0x0000000098900000| PB 0x0000000098900000| Complete 
| 110|0x0000000098a00000, 0x0000000098b00000, 0x0000000098b00000|100%| E|CS|TAMS 0x0000000098a00000| PB 0x0000000098a00000| Complete 
| 111|0x0000000098b00000, 0x0000000098c00000, 0x0000000098c00000|100%| E|CS|TAMS 0x0000000098b00000| PB 0x0000000098b00000| Complete 

Card table byte_map: [0x000002a2f5430000,0x000002a2f57b0000] _byte_map_base: 0x000002a2f4fa2000

Marking Bits: (CMBitMap*) 0x000002a2ddc9bba0
 Bits: [0x000002a2f57b0000, 0x000002a2f7340000)

Polling page: 0x000002a2dbdf0000

Metaspace:

Usage:
  Non-class:     10.02 MB used.
      Class:      1.35 MB used.
       Both:     11.37 MB used.

Virtual space:
  Non-class space:       64.00 MB reserved,      10.19 MB ( 16%) committed,  1 nodes.
      Class space:        1.00 GB reserved,       1.50 MB ( <1%) committed,  1 nodes.
             Both:        1.06 GB reserved,      11.69 MB (  1%) committed. 

Chunk freelists:
   Non-Class:  5.34 MB
       Class:  14.38 MB
        Both:  19.72 MB

MaxMetaspaceSize: unlimited
CompressedClassSpaceSize: 1.00 GB
Initial GC threshold: 21.00 MB
Current GC threshold: 21.00 MB
CDS: on
 - commit_granule_bytes: 65536.
 - commit_granule_words: 8192.
 - virtual_space_node_default_size: 8388608.
 - enlarge_chunks_in_place: 1.
 - use_allocation_guard: 0.


Internal statistics:

num_allocs_failed_limit: 0.
num_arena_births: 314.
num_arena_deaths: 0.
num_vsnodes_births: 2.
num_vsnodes_deaths: 0.
num_space_committed: 187.
num_space_uncommitted: 0.
num_chunks_returned_to_freelist: 0.
num_chunks_taken_from_freelist: 599.
num_chunk_merges: 0.
num_chunk_splits: 347.
num_chunks_enlarged: 194.
num_inconsistent_stats: 0.

CodeHeap 'non-profiled nmethods': size=120000Kb used=527Kb max_used=527Kb free=119472Kb
 bounds [0x000002a2edb80000, 0x000002a2eddf0000, 0x000002a2f50b0000]
CodeHeap 'profiled nmethods': size=120000Kb used=3161Kb max_used=3161Kb free=116838Kb
 bounds [0x000002a2e60b0000, 0x000002a2e63d0000, 0x000002a2ed5e0000]
CodeHeap 'non-nmethods': size=5760Kb used=1451Kb max_used=1466Kb free=4308Kb
 bounds [0x000002a2ed5e0000, 0x000002a2ed850000, 0x000002a2edb80000]
 total_blobs=2188 nmethods=1650 adapters=443
 compilation: enabled
              stopped_count=0, restarted_count=0
 full_count=0

Compilation events (20 events):
Event: 3.177 Thread 0x000002a2f9836390 1605       1       java.lang.invoke.InvokerBytecodeGenerator::setClassWriter (6 bytes)
Event: 3.177 Thread 0x000002a2f9836390 nmethod 1605 0x000002a2edbffd10 code [0x000002a2edbffea0, 0x000002a2edbfffb8]
Event: 3.177 Thread 0x000002a2f9836390 1608       3       jdk.internal.org.objectweb.asm.AnnotationWriter::<init> (60 bytes)
Event: 3.178 Thread 0x000002a2f9836390 nmethod 1608 0x000002a2e63a5990 code [0x000002a2e63a5b60, 0x000002a2e63a5f60]
Event: 3.178 Thread 0x000002a2f9836390 1606       3       jdk.internal.org.objectweb.asm.AnnotationVisitor::<init> (7 bytes)
Event: 3.178 Thread 0x000002a2f9836390 nmethod 1606 0x000002a2e63a6110 code [0x000002a2e63a62c0, 0x000002a2e63a6408]
Event: 3.178 Thread 0x000002a2f9836390 1607       3       jdk.internal.org.objectweb.asm.AnnotationVisitor::<init> (78 bytes)
Event: 3.179 Thread 0x000002a2f9836390 nmethod 1607 0x000002a2e63a6490 code [0x000002a2e63a66c0, 0x000002a2e63a6e98]
Event: 3.179 Thread 0x000002a2f9836390 1609       3       jdk.internal.org.objectweb.asm.AnnotationWriter::visitEnd (44 bytes)
Event: 3.179 Thread 0x000002a2f9836390 nmethod 1609 0x000002a2e63a7110 code [0x000002a2e63a72c0, 0x000002a2e63a7468]
Event: 3.179 Thread 0x000002a2f9836390 1610       1       java.lang.Class::getClassData (5 bytes)
Event: 3.179 Thread 0x000002a2f9836390 nmethod 1610 0x000002a2edc00610 code [0x000002a2edc007a0, 0x000002a2edc00868]
Event: 3.180 Thread 0x000002a2f9836390 1613       3       java.util.Arrays::fill (28 bytes)
Event: 3.180 Thread 0x000002a2f9836390 nmethod 1613 0x000002a2e63a7590 code [0x000002a2e63a7760, 0x000002a2e63a7b00]
Event: 3.180 Thread 0x000002a2f9836390 1614       3       java.lang.invoke.MethodHandle::intrinsicName (4 bytes)
Event: 3.180 Thread 0x000002a2f9836390 nmethod 1614 0x000002a2e63a7c90 code [0x000002a2e63a7e20, 0x000002a2e63a7f38]
Event: 3.181 Thread 0x000002a2f9836390 1615       3       java.lang.invoke.LambdaForm::useCount (61 bytes)
Event: 3.182 Thread 0x000002a2f9836390 nmethod 1615 0x000002a2e63a8010 code [0x000002a2e63a81e0, 0x000002a2e63a8548]
Event: 3.182 Thread 0x000002a2f9836390 1616       3       java.lang.invoke.InvokerBytecodeGenerator::emitStoreInsn (21 bytes)
Event: 3.182 Thread 0x000002a2f9836390 nmethod 1616 0x000002a2e63a8710 code [0x000002a2e63a88e0, 0x000002a2e63a8b40]

GC Heap History (4 events):
Event: 2.293 GC heap before
{Heap before GC invocations=0 (full 0):
 garbage-first heap   total 114688K, used 14336K [0x0000000091c00000, 0x0000000100000000)
  region size 1024K, 13 young (13312K), 0 survivors (0K)
 Metaspace       used 3518K, committed 3712K, reserved 1114112K
  class space    used 418K, committed 512K, reserved 1048576K
}
Event: 2.301 GC heap after
{Heap after GC invocations=1 (full 0):
 garbage-first heap   total 114688K, used 5136K [0x0000000091c00000, 0x0000000100000000)
  region size 1024K, 2 young (2048K), 2 survivors (2048K)
 Metaspace       used 3518K, committed 3712K, reserved 1114112K
  class space    used 418K, committed 512K, reserved 1048576K
}
Event: 3.045 GC heap before
{Heap before GC invocations=1 (full 0):
 garbage-first heap   total 114688K, used 18448K [0x0000000091c00000, 0x0000000100000000)
  region size 1024K, 16 young (16384K), 2 survivors (2048K)
 Metaspace       used 9967K, committed 10240K, reserved 1114112K
  class space    used 1159K, committed 1280K, reserved 1048576K
}
Event: 3.052 GC heap after
{Heap after GC invocations=2 (full 0):
 garbage-first heap   total 114688K, used 7474K [0x0000000091c00000, 0x0000000100000000)
  region size 1024K, 2 young (2048K), 2 survivors (2048K)
 Metaspace       used 9967K, committed 10240K, reserved 1114112K
  class space    used 1159K, committed 1280K, reserved 1048576K
}

Dll operation events (8 events):
Event: 0.020 Loaded shared library C:\Program Files\Java\jdk-21\bin\java.dll
Event: 0.094 Loaded shared library C:\Program Files\Java\jdk-21\bin\jsvml.dll
Event: 0.231 Loaded shared library C:\Program Files\Java\jdk-21\bin\net.dll
Event: 0.234 Loaded shared library C:\Program Files\Java\jdk-21\bin\nio.dll
Event: 0.243 Loaded shared library C:\Program Files\Java\jdk-21\bin\zip.dll
Event: 0.371 Loaded shared library C:\Program Files\Java\jdk-21\bin\jimage.dll
Event: 0.528 Loaded shared library C:\Program Files\Java\jdk-21\bin\extnet.dll
Event: 2.413 Loaded shared library C:\Program Files\Java\jdk-21\bin\sunmscapi.dll

Deoptimization events (20 events):
Event: 2.600 Thread 0x000002a2ddc4d960 DEOPT PACKING pc=0x000002a2e62b0b16 sp=0x000000d6ee8fcc60
Event: 2.600 Thread 0x000002a2ddc4d960 DEOPT UNPACKING pc=0x000002a2ed634e42 sp=0x000000d6ee8fc0d8 mode 0
Event: 2.602 Thread 0x000002a2ddc4d960 DEOPT PACKING pc=0x000002a2e62b0b16 sp=0x000000d6ee8fcc60
Event: 2.602 Thread 0x000002a2ddc4d960 DEOPT UNPACKING pc=0x000002a2ed634e42 sp=0x000000d6ee8fc0d8 mode 0
Event: 2.702 Thread 0x000002a2ddc4d960 Uncommon trap: trap_request=0xffffff45 fr.pc=0x000002a2edbd86c4 relative=0x0000000000000204
Event: 2.702 Thread 0x000002a2ddc4d960 Uncommon trap: reason=unstable_if action=reinterpret pc=0x000002a2edbd86c4 method=java.util.HashMap.putVal(ILjava/lang/Object;Ljava/lang/Object;ZZ)Ljava/lang/Object; @ 162 c2
Event: 2.702 Thread 0x000002a2ddc4d960 DEOPT PACKING pc=0x000002a2edbd86c4 sp=0x000000d6ee8fbe00
Event: 2.702 Thread 0x000002a2ddc4d960 DEOPT UNPACKING pc=0x000002a2ed6346a2 sp=0x000000d6ee8fbd90 mode 2
Event: 2.816 Thread 0x000002a2ddc4d960 Uncommon trap: trap_request=0xffffffde fr.pc=0x000002a2edba679c relative=0x000000000000033c
Event: 2.816 Thread 0x000002a2ddc4d960 Uncommon trap: reason=class_check action=maybe_recompile pc=0x000002a2edba679c method=java.util.regex.Pattern$BmpCharPropertyGreedy.match(Ljava/util/regex/Matcher;ILjava/lang/CharSequence;)Z @ 26 c2
Event: 2.816 Thread 0x000002a2ddc4d960 DEOPT PACKING pc=0x000002a2edba679c sp=0x000000d6ee8fdd40
Event: 2.817 Thread 0x000002a2ddc4d960 DEOPT UNPACKING pc=0x000002a2ed6346a2 sp=0x000000d6ee8fdcf8 mode 2
Event: 2.817 Thread 0x000002a2ddc4d960 Uncommon trap: trap_request=0xffffffde fr.pc=0x000002a2edba679c relative=0x000000000000033c
Event: 2.817 Thread 0x000002a2ddc4d960 Uncommon trap: reason=class_check action=maybe_recompile pc=0x000002a2edba679c method=java.util.regex.Pattern$BmpCharPropertyGreedy.match(Ljava/util/regex/Matcher;ILjava/lang/CharSequence;)Z @ 26 c2
Event: 2.817 Thread 0x000002a2ddc4d960 DEOPT PACKING pc=0x000002a2edba679c sp=0x000000d6ee8fdd40
Event: 2.817 Thread 0x000002a2ddc4d960 DEOPT UNPACKING pc=0x000002a2ed6346a2 sp=0x000000d6ee8fdcf8 mode 2
Event: 2.865 Thread 0x000002a2fec83b00 Uncommon trap: trap_request=0xffffffde fr.pc=0x000002a2edba679c relative=0x000000000000033c
Event: 2.865 Thread 0x000002a2fec83b00 Uncommon trap: reason=class_check action=maybe_recompile pc=0x000002a2edba679c method=java.util.regex.Pattern$BmpCharPropertyGreedy.match(Ljava/util/regex/Matcher;ILjava/lang/CharSequence;)Z @ 26 c2
Event: 2.865 Thread 0x000002a2fec83b00 DEOPT PACKING pc=0x000002a2edba679c sp=0x000000d6f02fe5d0
Event: 2.865 Thread 0x000002a2fec83b00 DEOPT UNPACKING pc=0x000002a2ed6346a2 sp=0x000000d6f02fe568 mode 2

Classes loaded (20 events):
Event: 3.158 Loading class java/util/Base64$Encoder
Event: 3.158 Loading class java/util/Base64$Encoder done
Event: 3.159 Loading class java/lang/MatchException
Event: 3.159 Loading class java/lang/MatchException done
Event: 3.163 Loading class java/net/URLPermission
Event: 3.163 Loading class java/net/URLPermission done
Event: 3.165 Loading class java/util/concurrent/CompletableFuture$UniCompose
Event: 3.165 Loading class java/util/concurrent/CompletableFuture$UniCompletion
Event: 3.165 Loading class java/util/concurrent/CompletableFuture$UniCompletion done
Event: 3.165 Loading class java/util/concurrent/CompletableFuture$UniCompose done
Event: 3.166 Loading class java/util/concurrent/CompletableFuture$UniComposeExceptionally
Event: 3.167 Loading class java/util/concurrent/CompletableFuture$UniComposeExceptionally done
Event: 3.168 Loading class java/util/concurrent/CompletableFuture$UniWhenComplete
Event: 3.168 Loading class java/util/concurrent/CompletableFuture$UniWhenComplete done
Event: 3.168 Loading class java/time/Instant$1
Event: 3.168 Loading class java/time/Instant$1 done
Event: 3.169 Loading class java/util/LinkedList$ListItr
Event: 3.169 Loading class java/util/LinkedList$ListItr done
Event: 3.172 Loading class java/lang/ExceptionInInitializerError
Event: 3.172 Loading class java/lang/ExceptionInInitializerError done

Classes unloaded (0 events):
No events

Classes redefined (0 events):
No events

Internal exceptions (20 events):
Event: 2.338 Thread 0x000002a2ddc4d960 Exception <a 'java/lang/NoSuchMethodError'{0x0000000098be5af8}: 'int java.lang.invoke.DirectMethodHandle$Holder.invokeSpecial(java.lang.Object, java.lang.Object, java.lang.Object, java.lang.Object)'> (0x0000000098be5af8) 
thrown [s\open\src\hotspot\share\interpreter\linkResolver.cpp, line 773]
Event: 2.340 Thread 0x000002a2ddc4d960 Exception <a 'java/lang/NoSuchMethodError'{0x0000000098bfa180}: 'java.lang.Object java.lang.invoke.DirectMethodHandle$Holder.invokeSpecial(java.lang.Object, java.lang.Object, int, java.lang.Object, java.lang.Object)'> (0x0000000098bfa180) 
thrown [s\open\src\hotspot\share\interpreter\linkResolver.cpp, line 773]
Event: 2.341 Thread 0x000002a2ddc4d960 Exception <a 'java/lang/NoSuchMethodError'{0x0000000098bfddb0}: 'java.lang.Object java.lang.invoke.DelegatingMethodHandle$Holder.delegate(java.lang.Object, int, java.lang.Object, java.lang.Object)'> (0x0000000098bfddb0) 
thrown [s\open\src\hotspot\share\interpreter\linkResolver.cpp, line 773]
Event: 2.344 Thread 0x000002a2ddc4d960 Exception <a 'java/lang/NoSuchMethodError'{0x0000000098a0d560}: 'int java.lang.invoke.Invokers$Holder.linkToTargetMethod(java.lang.Object, java.lang.Object, java.lang.Object)'> (0x0000000098a0d560) 
thrown [s\open\src\hotspot\share\interpreter\linkResolver.cpp, line 773]
Event: 2.347 Thread 0x000002a2ddc4d960 Exception <a 'java/lang/NoSuchMethodError'{0x0000000098a1c000}: 'long java.lang.invoke.DirectMethodHandle$Holder.invokeSpecial(java.lang.Object, java.lang.Object)'> (0x0000000098a1c000) 
thrown [s\open\src\hotspot\share\interpreter\linkResolver.cpp, line 773]
Event: 2.349 Thread 0x000002a2ddc4d960 Exception <a 'java/lang/NoSuchMethodError'{0x0000000098a22738}: 'java.lang.Object java.lang.invoke.Invokers$Holder.invokeExact_MT(java.lang.Object, java.lang.Object, java.lang.Object, java.lang.Object, java.lang.Object, java.lang.Object)'> (0x0000000098a22738) 
thrown [s\open\src\hotspot\share\interpreter\linkResolver.cpp, line 773]
Event: 2.474 Thread 0x000002a2ddc4d960 Exception <a 'sun/nio/fs/WindowsException'{0x0000000098976828}> (0x0000000098976828) 
thrown [s\open\src\hotspot\share\prims\jni.cpp, line 520]
Event: 2.560 Thread 0x000002a2ddc4d960 Exception <a 'java/lang/NoSuchMethodError'{0x00000000988d9d38}: 'void java.lang.invoke.DirectMethodHandle$Holder.invokeVirtual(java.lang.Object, java.lang.Object)'> (0x00000000988d9d38) 
thrown [s\open\src\hotspot\share\interpreter\linkResolver.cpp, line 773]
Event: 2.637 Thread 0x000002a2ddc4d960 Exception <a 'java/lang/NoSuchMethodError'{0x00000000984e9d40}: 'java.lang.Object java.lang.invoke.DirectMethodHandle$Holder.invokeStaticInit(java.lang.Object, int, int, int, int)'> (0x00000000984e9d40) 
thrown [s\open\src\hotspot\share\interpreter\linkResolver.cpp, line 773]
Event: 2.668 Thread 0x000002a2ddc4d960 Exception <a 'java/lang/NoSuchMethodError'{0x00000000983a69a8}: 'java.lang.Object java.lang.invoke.DirectMethodHandle$Holder.invokeStaticInit(java.lang.Object, java.lang.Object, int, int, int, int)'> (0x00000000983a69a8) 
thrown [s\open\src\hotspot\share\interpreter\linkResolver.cpp, line 773]
Event: 2.814 Thread 0x000002a2ddc4d960 Exception <a 'java/lang/NoSuchMethodError'{0x0000000098198f48}: 'java.lang.Object java.lang.invoke.DirectMethodHandle$Holder.invokeInterface(java.lang.Object, java.lang.Object, java.lang.Object)'> (0x0000000098198f48) 
thrown [s\open\src\hotspot\share\interpreter\linkResolver.cpp, line 773]
Event: 2.814 Thread 0x000002a2ddc4d960 Exception <a 'java/lang/IncompatibleClassChangeError'{0x000000009819c330}: Found class java.lang.Object, but interface was expected> (0x000000009819c330) 
thrown [s\open\src\hotspot\share\interpreter\linkResolver.cpp, line 840]
Event: 2.816 Thread 0x000002a2ddc4d960 Exception <a 'java/lang/NoSuchMethodError'{0x00000000981a34e8}: 'int java.lang.invoke.DirectMethodHandle$Holder.invokeSpecialIFC(java.lang.Object, java.lang.Object, java.lang.Object, java.lang.Object)'> (0x00000000981a34e8) 
thrown [s\open\src\hotspot\share\interpreter\linkResolver.cpp, line 773]
Event: 2.831 Thread 0x000002a2ddc4d960 Exception <a 'java/lang/NoSuchMethodError'{0x0000000098015570}: 'java.lang.Object java.lang.invoke.DirectMethodHandle$Holder.invokeVirtual(java.lang.Object, java.lang.Object, java.lang.Object, java.lang.Object)'> (0x0000000098015570) 
thrown [s\open\src\hotspot\share\interpreter\linkResolver.cpp, line 773]
Event: 2.874 Thread 0x000002a2fec83b00 Exception <a 'java/net/ConnectException'{0x000000009808cca8}: Connection refused: no further information> (0x000000009808cca8) 
thrown [s\open\src\hotspot\share\prims\jni.cpp, line 539]
Event: 2.900 Thread 0x000002a2fec83b00 Exception <a 'java/net/ConnectException'{0x000000009808dda8}: Connection refused: no further information> (0x000000009808dda8) 
thrown [s\open\src\hotspot\share\prims\jni.cpp, line 539]
Event: 2.989 Thread 0x000002a2ddc4d960 Exception <a 'java/lang/NoSuchMethodError'{0x0000000097fc9be8}: 'java.lang.Object java.lang.invoke.DirectMethodHandle$Holder.newInvokeSpecial(java.lang.Object, java.lang.Object, int, int)'> (0x0000000097fc9be8) 
thrown [s\open\src\hotspot\share\interpreter\linkResolver.cpp, line 773]
Event: 2.991 Thread 0x000002a2ddc4d960 Exception <a 'java/lang/NoSuchMethodError'{0x0000000097fd3e50}: 'void java.lang.invoke.DirectMethodHandle$Holder.invokeStatic(java.lang.Object, java.lang.Object, int)'> (0x0000000097fd3e50) 
thrown [s\open\src\hotspot\share\interpreter\linkResolver.cpp, line 773]
Event: 3.038 Thread 0x000002a2ddc4d960 Exception <a 'java/lang/NoSuchMethodError'{0x0000000097ce57b0}: 'java.lang.Object java.lang.invoke.DirectMethodHandle$Holder.newInvokeSpecial(java.lang.Object, java.lang.Object, java.lang.Object, java.lang.Object, java.lang.Object)'> (0x0000000097ce57b0) 
thrown [s\open\src\hotspot\share\interpreter\linkResolver.cpp, line 773]
Event: 3.134 Thread 0x000002a2ddc4d960 Exception <a 'java/lang/NoSuchMethodError'{0x00000000989a0f88}: 'void java.lang.invoke.DirectMethodHandle$Holder.invokeSpecial(java.lang.Object, java.lang.Object, java.lang.Object)'> (0x00000000989a0f88) 
thrown [s\open\src\hotspot\share\interpreter\linkResolver.cpp, line 773]

ZGC Phase Switch (0 events):
No events

VM Operations (20 events):
Event: 2.293 Executing VM operation: G1CollectForAllocation (G1 Evacuation Pause)
Event: 2.301 Executing VM operation: G1CollectForAllocation (G1 Evacuation Pause) done
Event: 2.318 Executing VM operation: HandshakeAllThreads (Deoptimize)
Event: 2.318 Executing VM operation: HandshakeAllThreads (Deoptimize) done
Event: 2.363 Executing VM operation: HandshakeAllThreads (Deoptimize)
Event: 2.363 Executing VM operation: HandshakeAllThreads (Deoptimize) done
Event: 2.428 Executing VM operation: HandshakeAllThreads (Deoptimize)
Event: 2.428 Executing VM operation: HandshakeAllThreads (Deoptimize) done
Event: 2.554 Executing VM operation: HandshakeAllThreads (Deoptimize)
Event: 2.554 Executing VM operation: HandshakeAllThreads (Deoptimize) done
Event: 2.845 Executing VM operation: HandshakeAllThreads (Deoptimize)
Event: 2.845 Executing VM operation: HandshakeAllThreads (Deoptimize) done
Event: 2.936 Executing VM operation: HandshakeAllThreads (Deoptimize)
Event: 2.936 Executing VM operation: HandshakeAllThreads (Deoptimize) done
Event: 2.948 Executing VM operation: HandshakeAllThreads (Deoptimize)
Event: 2.948 Executing VM operation: HandshakeAllThreads (Deoptimize) done
Event: 3.010 Executing VM operation: HandshakeAllThreads (Deoptimize)
Event: 3.010 Executing VM operation: HandshakeAllThreads (Deoptimize) done
Event: 3.044 Executing VM operation: G1CollectForAllocation (G1 Evacuation Pause)
Event: 3.052 Executing VM operation: G1CollectForAllocation (G1 Evacuation Pause) done

Events (20 events):
Event: 0.090 Thread 0x000002a2f97f4bc0 Thread added: 0x000002a2f97f4bc0
Event: 0.090 Thread 0x000002a2f9815d90 Thread added: 0x000002a2f9815d90
Event: 0.090 Thread 0x000002a2f9817550 Thread added: 0x000002a2f9817550
Event: 0.090 Thread 0x000002a2f9817fb0 Thread added: 0x000002a2f9817fb0
Event: 0.090 Thread 0x000002a2f9819690 Thread added: 0x000002a2f9819690
Event: 0.091 Thread 0x000002a2f9836390 Thread added: 0x000002a2f9836390
Event: 0.218 Thread 0x000002a2f9a73320 Thread added: 0x000002a2f9a73320
Event: 0.222 Thread 0x000002a2f9a7d390 Thread added: 0x000002a2f9a7d390
Event: 0.633 Thread 0x000002a2fe23ac80 Thread added: 0x000002a2fe23ac80
Event: 0.722 Thread 0x000002a2fe27aad0 Thread added: 0x000002a2fe27aad0
Event: 2.111 Thread 0x000002a2fe27aad0 Thread exited: 0x000002a2fe27aad0
Event: 2.118 Thread 0x000002a2fe23ac80 Thread exited: 0x000002a2fe23ac80
Event: 2.243 Thread 0x000002a2fe413b00 Thread added: 0x000002a2fe413b00
Event: 2.743 Thread 0x000002a2fec0cb10 Thread added: 0x000002a2fec0cb10
Event: 2.843 Thread 0x000002a2fec37380 Thread added: 0x000002a2fec37380
Event: 2.845 Thread 0x000002a2fec895b0 Thread added: 0x000002a2fec895b0
Event: 2.846 Thread 0x000002a2fec379f0 Thread added: 0x000002a2fec379f0
Event: 2.859 Thread 0x000002a2fec83b00 Thread added: 0x000002a2fec83b00
Event: 2.936 Thread 0x000002a2fec8de40 Thread added: 0x000002a2fec8de40
Event: 3.167 Thread 0x000002a2fef94c10 Thread added: 0x000002a2fef94c10


Dynamic libraries:
0x00007ff6a31e0000 - 0x00007ff6a31f0000 	C:\Program Files\Java\jdk-21\bin\javaw.exe
0x00007ff94d030000 - 0x00007ff94d227000 	C:\WINDOWS\SYSTEM32\ntdll.dll
0x00007ff94bc90000 - 0x00007ff94bd4d000 	C:\WINDOWS\System32\KERNEL32.DLL
0x00007ff94a910000 - 0x00007ff94ac06000 	C:\WINDOWS\System32\KERNELBASE.dll
0x00007ff94a7a0000 - 0x00007ff94a8a0000 	C:\WINDOWS\System32\ucrtbase.dll
0x00007ff943bc0000 - 0x00007ff943bdb000 	C:\Program Files\Java\jdk-21\bin\VCRUNTIME140.dll
0x00007ff942ad0000 - 0x00007ff942ae9000 	C:\Program Files\Java\jdk-21\bin\jli.dll
0x00007ff94ce70000 - 0x00007ff94cf1e000 	C:\WINDOWS\System32\ADVAPI32.dll
0x00007ff94b590000 - 0x00007ff94b62e000 	C:\WINDOWS\System32\msvcrt.dll
0x00007ff94cf20000 - 0x00007ff94cfbc000 	C:\WINDOWS\System32\sechost.dll
0x00007ff94c9f0000 - 0x00007ff94cb16000 	C:\WINDOWS\System32\RPCRT4.dll
0x00007ff94cbf0000 - 0x00007ff94cd8e000 	C:\WINDOWS\System32\USER32.dll
0x00007ff94af80000 - 0x00007ff94afa2000 	C:\WINDOWS\System32\win32u.dll
0x00007ff94bd50000 - 0x00007ff94bd7c000 	C:\WINDOWS\System32\GDI32.dll
0x00007ff94b000000 - 0x00007ff94b11a000 	C:\WINDOWS\System32\gdi32full.dll
0x00007ff94aee0000 - 0x00007ff94af7d000 	C:\WINDOWS\System32\msvcp_win.dll
0x00007ff93a3f0000 - 0x00007ff93a68a000 	C:\WINDOWS\WinSxS\amd64_microsoft.windows.common-controls_6595b64144ccf1df_6.0.19041.3570_none_60bb2a3971f3e41a\COMCTL32.dll
0x00007ff937e60000 - 0x00007ff937e6a000 	C:\WINDOWS\SYSTEM32\VERSION.dll
0x00007ff94cfc0000 - 0x00007ff94cff0000 	C:\WINDOWS\System32\IMM32.DLL
0x00007ff9461b0000 - 0x00007ff9461bc000 	C:\Program Files\Java\jdk-21\bin\vcruntime140_1.dll
0x00007ff93aef0000 - 0x00007ff93af7e000 	C:\Program Files\Java\jdk-21\bin\msvcp140.dll
0x00007ff917d40000 - 0x00007ff918a55000 	C:\Program Files\Java\jdk-21\bin\server\jvm.dll
0x00007ff94cb20000 - 0x00007ff94cb8b000 	C:\WINDOWS\System32\WS2_32.dll
0x00007ff94a600000 - 0x00007ff94a64b000 	C:\WINDOWS\SYSTEM32\POWRPROF.dll
0x00007ff937550000 - 0x00007ff937577000 	C:\WINDOWS\SYSTEM32\WINMM.dll
0x00007ff94a5e0000 - 0x00007ff94a5f2000 	C:\WINDOWS\SYSTEM32\UMPDC.dll
0x00007ff948fd0000 - 0x00007ff948fe2000 	C:\WINDOWS\SYSTEM32\kernel.appcore.dll
0x00007ff945830000 - 0x00007ff94583a000 	C:\Program Files\Java\jdk-21\bin\jimage.dll
0x00007ff948ca0000 - 0x00007ff948e84000 	C:\WINDOWS\SYSTEM32\DBGHELP.DLL
0x00007ff9351a0000 - 0x00007ff9351d4000 	C:\WINDOWS\SYSTEM32\dbgcore.DLL
0x00007ff94ae50000 - 0x00007ff94aed2000 	C:\WINDOWS\System32\bcryptPrimitives.dll
0x00007ff941d60000 - 0x00007ff941d7f000 	C:\Program Files\Java\jdk-21\bin\java.dll
0x00007ff94c000000 - 0x00007ff94c744000 	C:\WINDOWS\System32\SHELL32.dll
0x00007ff948430000 - 0x00007ff948bcb000 	C:\WINDOWS\SYSTEM32\windows.storage.dll
0x00007ff94b7d0000 - 0x00007ff94bb24000 	C:\WINDOWS\System32\combase.dll
0x00007ff94a110000 - 0x00007ff94a13d000 	C:\WINDOWS\SYSTEM32\Wldp.dll
0x00007ff94bbe0000 - 0x00007ff94bc8d000 	C:\WINDOWS\System32\SHCORE.dll
0x00007ff94c900000 - 0x00007ff94c955000 	C:\WINDOWS\System32\shlwapi.dll
0x00007ff94a6d0000 - 0x00007ff94a6f5000 	C:\WINDOWS\SYSTEM32\profapi.dll
0x00007ff931fa0000 - 0x00007ff932077000 	C:\Program Files\Java\jdk-21\bin\jsvml.dll
0x00007ff944160000 - 0x00007ff944170000 	C:\Program Files\Java\jdk-21\bin\net.dll
0x00007ff93be00000 - 0x00007ff93bf0a000 	C:\WINDOWS\SYSTEM32\WINHTTP.dll
0x00007ff949e70000 - 0x00007ff949eda000 	C:\WINDOWS\system32\mswsock.dll
0x00007ff93d6f0000 - 0x00007ff93d706000 	C:\Program Files\Java\jdk-21\bin\nio.dll
0x00007ff93d6d0000 - 0x00007ff93d6e8000 	C:\Program Files\Java\jdk-21\bin\zip.dll
0x00007ff9425c0000 - 0x00007ff9425c7000 	C:\Program Files\Java\jdk-21\bin\extnet.dll
0x00007ff949ba0000 - 0x00007ff949c6a000 	C:\WINDOWS\SYSTEM32\DNSAPI.dll
0x00007ff949b60000 - 0x00007ff949b9b000 	C:\WINDOWS\SYSTEM32\IPHLPAPI.DLL
0x00007ff94c960000 - 0x00007ff94c968000 	C:\WINDOWS\System32\NSI.dll
0x00007ff9394f0000 - 0x00007ff9394fa000 	C:\Windows\System32\rasadhlp.dll
0x00007ff9387c0000 - 0x00007ff938842000 	C:\WINDOWS\System32\fwpuclnt.dll
0x00007ff94ad70000 - 0x00007ff94ad97000 	C:\WINDOWS\System32\bcrypt.dll
0x00007ff942cd0000 - 0x00007ff942cde000 	C:\Program Files\Java\jdk-21\bin\sunmscapi.dll
0x00007ff94ac10000 - 0x00007ff94ad6d000 	C:\WINDOWS\System32\CRYPT32.dll
0x00007ff94a180000 - 0x00007ff94a1a7000 	C:\WINDOWS\SYSTEM32\ncrypt.dll
0x00007ff94a140000 - 0x00007ff94a17b000 	C:\WINDOWS\SYSTEM32\NTASN1.dll
0x00007ff94a060000 - 0x00007ff94a078000 	C:\WINDOWS\SYSTEM32\CRYPTSP.dll
0x00007ff949780000 - 0x00007ff9497b4000 	C:\WINDOWS\system32\rsaenh.dll
0x00007ff94a690000 - 0x00007ff94a6be000 	C:\WINDOWS\SYSTEM32\USERENV.dll
0x00007ff94a080000 - 0x00007ff94a08c000 	C:\WINDOWS\SYSTEM32\CRYPTBASE.dll
0x00007ff93d320000 - 0x00007ff93d327000 	C:\WINDOWS\system32\wshunix.dll

dbghelp: loaded successfully - version: 4.0.5 - missing functions: none
symbol engine: initialized successfully - sym options: 0x614 - pdb path: .;C:\Program Files\Java\jdk-21\bin;C:\WINDOWS\SYSTEM32;C:\WINDOWS\WinSxS\amd64_microsoft.windows.common-controls_6595b64144ccf1df_6.0.19041.3570_none_60bb2a3971f3e41a;C:\Program Files\Java\jdk-21\bin\server

VM Arguments:
jvm_args: -Dfile.encoding=UTF-8 -Dstdout.encoding=UTF-8 -Dstderr.encoding=UTF-8 -XX:+ShowCodeDetailsInExceptionMessages 
java_command: seleniumscripts.AutomatingAmazon
java_class_path (initial): C:\Users\Sai\eclipse-workspace\Selenium_Workspace\Selenium_Basics\target\test-classes;C:\Users\Sai\eclipse-workspace\Selenium_Workspace\Selenium_Basics\target\classes;C:\Users\Sai\.p2\pool\plugins\org.junit_4.13.2.v20230809-1000.jar;C:\Users\Sai\.p2\pool\plugins\org.hamcrest_2.2.0.jar;C:\Users\Sai\.p2\pool\plugins\org.hamcrest.core_2.2.0.v20230809-1000.jar;C:\Users\Sai\Downloads\mysql-connector-j-8.2.0.jar;C:\Users\Sai\.m2\repository\org\seleniumhq\selenium\selenium-java\4.15.0\selenium-java-4.15.0.jar;C:\Users\Sai\.m2\repository\org\seleniumhq\selenium\selenium-api\4.15.0\selenium-api-4.15.0.jar;C:\Users\Sai\.m2\repository\org\seleniumhq\selenium\selenium-chrome-driver\4.15.0\selenium-chrome-driver-4.15.0.jar;C:\Users\Sai\.m2\repository\com\google\auto\service\auto-service-annotations\1.1.1\auto-service-annotations-1.1.1.jar;C:\Users\Sai\.m2\repository\org\seleniumhq\selenium\selenium-chromium-driver\4.15.0\selenium-chromium-driver-4.15.0.jar;C:\Users\Sai\.m2\repository\org\seleniumhq\selenium\selenium-json\4.15.0\selenium-json-4.15.0.jar;C:\Users\Sai\.m2\repository\org\seleniumhq\selenium\selenium-manager\4.15.0\selenium-manager-4.15.0.jar;C:\Users\Sai\.m2\repository\org\seleniumhq\selenium\selenium-devtools-v117\4.15.0\selenium-devtools-v117-4.15.0.jar;C:\Users\Sai\.m2\repository\org\seleniumhq\selenium\selenium-devtools-v118\4.15.0\selenium-devtools-v118-4.15.0.jar;C:\Users\Sai\.m2\repository\org\seleniumhq\selenium\selenium-devtools-v119\4.15.0\selenium-devtools-v119-4.15.0.jar;C:\Users\Sai\.m2\repository\org\seleniumhq\selenium\selenium-devtools-v85\4.15.0\selenium-devtools-v85-4.15.0.jar;C:\Users\Sai\.m2\repository\org\seleniumhq\selenium\selenium-edge-driver\4.15.0\selenium-edge-driver-4.15.0.jar;C:\Users\Sai\.m2\repository\org\seleniumhq\selenium\selenium-firefox-driver\4.15.0\selenium-firefox-driver-4.15.0.jar;C:\Users\Sai\.m2\repository\org\seleniumhq\selenium\selenium-http\4.15.0\selenium-http-4.15.0.jar;C:\Users\Sai\.m2\repository\dev\failsafe\failsafe\3.3.2\failsafe-3.3.2.jar;C:\Users\Sai\.m2\repository\org\seleniumhq\selenium\selenium-ie-driver\4.15.0\selenium-ie-driver-4.15.0.jar;C:\Users\Sai\.m2\repository\org\seleniumhq\selenium\selenium-remote-driver\4.15.0\selenium-remote-driver-4.15.0.jar;C:\Users\Sai\.m2\repository\com\google\guava\guava\32.1.2-jre\guava-32.1.2-jre.jar;C:\Users\Sai\.m2\repository\com\google\guava\failureaccess\1.0.1\failureaccess-1.0.1.jar;C:\Users\Sai\.m2\repository\com\google\guava\listenablefuture\9999.0-empty-to-avoid-conflict-with-guava\listenablefuture-9999.0-empty-to-avoid-conflict-with-guava.jar;C:\Users\Sai\.m2\repository\com\google\code\findbugs\jsr305\3.0.2\jsr305-3.0.2.jar;C:\Users\Sai\.m2\repository\org\checkerframework\checker-qual\3.33.0\checker-qual-3.33.0.jar;C:\Users\Sai\.m2\repository\com\google\errorprone\error_prone_annotations\2.18.0\error_prone_annotations-2.18.0.jar;C:\Users\Sai\.m2\repository\com\google\j2objc\j2objc-annotations\2.8\j2objc-annotations-2.8.jar;C:\Users\Sai\.m2\repository\io\opentelemetry\opentelemetry-api\1.28.0\opentelemetry-api-1.28.0.jar;C:\Users\Sai\.m2\repository\io\opentelemetry\opentelemetry-context\1.28.0\opentelemetry-context-1.28.0.jar;C:\Users\Sai\.m2\repository\io\opentelemetry\opentelemetry-exporter-logging\1.28.0\opentelemetry-exporter-logging-1.28.0.jar;C:\Users\Sai\.m2\repository\io\opentelemetry\opentelemetry-sdk-metrics\1.28.0\opentelemetry-sdk-metrics-1.28.0.jar;C:\Users\Sai\.m2\repository\io\opentelemetry\opentelemetry-extension-incubator\1.28.0-alpha\opentelemetry-extension-incubator-1.28.0-alpha.jar;C:\Users\Sai\.m2\repository\io\opentelemetry\opentelemetry-sdk-logs\1.28.0\opentelemetry-sdk-logs-1.28.0.jar;C:\Users\Sai\.m2\repository\io\opentelemetry\opentelemetry-sdk-common\1.28.0\opentelemetry-sdk-common-1.28.0.jar;C:\Users\Sai\.m2\repository\io\opentelemetry\opentelemetry-sdk-extension-autoconfigure-spi\1.28.0\opentelemetry-sdk-extension-autoconfigure-spi-1.28.0.jar;C:\Users\Sai\.m2\repository\io\opentelemetry\opentelemetry-sdk-extension-autoconfigure\1.28.0\opentelemetry-sdk-extension-autoconfigure-1.28.0.jar;C:\Users\Sai\.m2\repository\io\opentelemetry\opentelemetry-api-events\1.28.0-alpha\opentelemetry-api-events-1.28.0-alpha.jar;C:\Users\Sai\.m2\repository\io\opentelemetry\opentelemetry-sdk-trace\1.28.0\opentelemetry-sdk-trace-1.28.0.jar;C:\Users\Sai\.m2\repository\io\opentelemetry\opentelemetry-sdk\1.28.0\opentelemetry-sdk-1.28.0.jar;C:\Users\Sai\.m2\repository\io\opentelemetry\opentelemetry-semconv\1.28.0-alpha\opentelemetry-semconv-1.28.0-alpha.jar;C:\Users\Sai\.m2\repository\net\bytebuddy\byte-buddy\1.14.5\byte-buddy-1.14.5.jar;C:\Users\Sai\.m2\repository\org\seleniumhq\selenium\selenium-os\4.15.0\selenium-os-4.15.0.jar;C:\Users\Sai\.m2\repository\org\apache\commons\commons-exec\1.3\commons-exec-1.3.jar;C:\Users\Sai\.m2\repository\org\seleniumhq\selenium\selenium-safari-driver\4.15.0\selenium-safari-driver-4.15.0.jar;C:\Users\Sai\.m2\repository\org\seleniumhq\selenium\selenium-support\4.15.0\selenium-support-4.15.0.jar;C:\Users\Sai\.m2\repository\io\github\bonigarcia\webdrivermanager\5.6.1\webdrivermanager-5.6.1.jar;C:\Users\Sai\.m2\repository\org\slf4j\slf4j-api\2.0.9\slf4j-api-2.0.9.jar;C:\Users\Sai\.m2\repository\com\google\code\gson\gson\2.10.1\gson-2.10.1.jar;C:\Users\Sai\.m2\repository\com\github\docker-java\docker-java\3.3.4\docker-java-3.3.4.jar;C:\Users\Sai\.m2\repository\com\github\docker-java\docker-java-core\3.3.4\docker-java-core-3.3.4.jar;C:\Users\Sai\.m2\repository\com\github\docker-java\docker-java-api\3.3.4\docker-java-api-3.3.4.jar;C:\Users\Sai\.m2\repository\com\fasterxml\jackson\core\jackson-annotations\2.10.3\jackson-annotations-2.10.3.jar;C:\Users\Sai\.m2\repository\commons-io\commons-io\2.13.0\commons-io-2.13.0.jar;C:\Users\Sai\.m2\repository\com\fasterxml\jackson\core\jackson-databind\2.10.3\jackson-databind-2.10.3.jar;C:\Users\Sai\.m2\repository\com\fasterxml\jackson\core\jackson-core\2.10.3\jackson-core-2.10.3.jar;C:\Users\Sai\.m2\repository\org\bouncycastle\bcpkix-jdk18on\1.76\bcpkix-jdk18on-1.76.jar;C:\Users\Sai\.m2\repository\org\bouncycastle\bcprov-jdk18on\1.76\bcprov-jdk18on-1.76.jar;C:\Users\Sai\.m2\repository\org\bouncycastle\bcutil-jdk18on\1.76\bcutil-jdk18on-1.76.jar;C:\Users\Sai\.m2\repository\org\slf4j\jcl-over-slf4j\1.7.30\jcl-over-slf4j-1.7.30.jar;C:\Users\Sai\.m2\repository\com\github\docker-java\docker-java-transport-httpclient5\3.3.4\docker-java-transport-httpclient5-3.3.4.jar;C:\Users\Sai\.m2\repository\com\github\docker-java\docker-java-transport\3.3.4\docker-java-transport-3.3.4.jar;C:\Users\Sai\.m2\repository\net\java\dev\jna\jna\5.13.0\jna-5.13.0.jar;C:\Users\Sai\.m2\repository\org\brotli\dec\0.1.2\dec-0.1.2.jar;C:\Users\Sai\.m2\repository\org\apache\commons\commons-lang3\3.13.0\commons-lang3-3.13.0.jar;C:\Users\Sai\.m2\repository\org\apache\commons\commons-compress\1.24.0\commons-compress-1.24.0.jar;C:\Users\Sai\.m2\repository\org\apache\httpcomponents\client5\httpclient5\5.2.1\httpclient5-5.2.1.jar;C:\Users\Sai\.m2\repository\org\apache\httpcomponents\core5\httpcore5\5.2\httpcore5-5.2.jar;C:\Users\Sai\.m2\repository\org\apache\httpcomponents\core5\httpcore5-h2\5.2\httpcore5-h2-5.2.jar
Launcher Type: SUN_STANDARD

[Global flags]
     intx CICompilerCount                          = 3                                         {product} {ergonomic}
     uint ConcGCThreads                            = 1                                         {product} {ergonomic}
     uint G1ConcRefinementThreads                  = 4                                         {product} {ergonomic}
   size_t G1HeapRegionSize                         = 1048576                                   {product} {ergonomic}
    uintx GCDrainStackTargetSize                   = 64                                        {product} {ergonomic}
   size_t InitialHeapSize                          = 117440512                                 {product} {ergonomic}
   size_t MarkStackSize                            = 4194304                                   {product} {ergonomic}
   size_t MaxHeapSize                              = 1849688064                                {product} {ergonomic}
   size_t MaxNewSize                               = 1109393408                                {product} {ergonomic}
   size_t MinHeapDeltaBytes                        = 1048576                                   {product} {ergonomic}
   size_t MinHeapSize                              = 8388608                                   {product} {ergonomic}
    uintx NonNMethodCodeHeapSize                   = 5832780                                {pd product} {ergonomic}
    uintx NonProfiledCodeHeapSize                  = 122912730                              {pd product} {ergonomic}
    uintx ProfiledCodeHeapSize                     = 122912730                              {pd product} {ergonomic}
    uintx ReservedCodeCacheSize                    = 251658240                              {pd product} {ergonomic}
     bool SegmentedCodeCache                       = true                                      {product} {ergonomic}
     bool ShowCodeDetailsInExceptionMessages       = true                                   {manageable} {command line}
   size_t SoftMaxHeapSize                          = 1849688064                             {manageable} {ergonomic}
     bool UseCompressedOops                        = true                           {product lp64_product} {ergonomic}
     bool UseG1GC                                  = true                                      {product} {ergonomic}
     bool UseLargePagesIndividualAllocation        = false                                  {pd product} {ergonomic}

Logging:
Log output configuration:
 #0: stdout all=warning uptime,level,tags foldmultilines=false
 #1: stderr all=off uptime,level,tags foldmultilines=false

Environment Variables:
JAVA_HOME=C:\Program Files\Java\jdk-21
PATH=C:\Program Files\Common Files\Oracle\Java\javapath;C:\Program Files (x86)\Common Files\Oracle\Java\javapath;C:\WINDOWS\system32;C:\WINDOWS;C:\WINDOWS\System32\Wbem;C:\WINDOWS\System32\WindowsPowerShell\v1.0\;C:\WINDOWS\System32\OpenSSH\;C:\Program Files\MySQL\MySQL Server 5.5\bin;C:\Program Files\Git\cmd;C:\Program Files\MySQL\MySQL Shell 8.0\bin\;C:\Program Files\Java\jdk-17.0.2\bin;C:\Users\Sai\AppData\Local\Microsoft\WindowsApps;
USERNAME=Sai
OS=Windows_NT
PROCESSOR_IDENTIFIER=Intel64 Family 6 Model 78 Stepping 3, GenuineIntel
TMP=C:\Users\Sai\AppData\Local\Temp
TEMP=C:\Users\Sai\AppData\Local\Temp




Periodic native trim disabled

---------------  S Y S T E M  ---------------

OS:
 Windows 10 , 64 bit Build 19041 (10.0.19041.3570)
OS uptime: 11 days 7:10 hours

CPU: total 4 (initial active 4) (2 cores per cpu, 2 threads per core) family 6 model 78 stepping 3 microcode 0xcc, cx8, cmov, fxsr, ht, mmx, 3dnowpref, sse, sse2, sse3, ssse3, sse4.1, sse4.2, popcnt, lzcnt, tsc, tscinvbit, avx, avx2, aes, erms, clmul, bmi1, bmi2, adx, fma, vzeroupper, clflush, clflushopt, rdtscp, f16c
Processor Information for all 4 processors :
  Max Mhz: 2000, Current Mhz: 2000, Mhz Limit: 2000

Memory: 4k page, system-wide physical 7050M (834M free)
TotalPageFile size 19948M (AvailPageFile size 1M)
current process WorkingSet (physical memory assigned to process): 93M, peak: 93M
current process commit charge ("private bytes"): 214M, peak: 214M

vm_info: Java HotSpot(TM) 64-Bit Server VM (21.0.1+12-LTS-29) for windows-amd64 JRE (21.0.1+12-LTS-29), built on 2023-10-05T13:27:09Z by "mach5one" with MS VC++ 17.1 (VS2022)

END.
